<?xml version="1.0" encoding="UTF-8"?>
<!-- Generated by org.testng.reporters.JUnitXMLReporter -->
<testsuite hostname="LTUS43208" ignored="103" name="IE" tests="104" failures="5" timestamp="02 Dec 2017 10:47:55 GMT" time="1.522" errors="0">
  <testcase name="@BeforeClass getBrowser" time="0.592" classname="com.nbcd.GenericLib.GetWebDriverInstance">
    <failure type="org.openqa.selenium.WebDriverException" message="Automate testing time expired. (WARNING: The server did not provide any stacktrace information)
Command duration or timeout: 572 milliseconds
Build info: version: &amp;apos;3.7.1&amp;apos;, revision: &amp;apos;8a0099a&amp;apos;, time: &amp;apos;2017-11-06T21:01:39.354Z&amp;apos;
System info: host: &amp;apos;LTUS43208&amp;apos;, ip: &amp;apos;192.168.1.66&amp;apos;, os.name: &amp;apos;Windows 7&amp;apos;, os.arch: &amp;apos;amd64&amp;apos;, os.version: &amp;apos;6.1&amp;apos;, java.version: &amp;apos;1.8.0_77&amp;apos;
Driver info: driver.version: RemoteWebDriver">
      <![CDATA[org.openqa.selenium.WebDriverException: Automate testing time expired. (WARNING: The server did not provide any stacktrace information)
Command duration or timeout: 572 milliseconds
Build info: version: '3.7.1', revision: '8a0099a', time: '2017-11-06T21:01:39.354Z'
System info: host: 'LTUS43208', ip: '192.168.1.66', os.name: 'Windows 7', os.arch: 'amd64', os.version: '6.1', java.version: '1.8.0_77'
Driver info: driver.version: RemoteWebDriver
	at org.openqa.selenium.remote.ErrorHandler.createThrowable(ErrorHandler.java:214)
	at org.openqa.selenium.remote.ErrorHandler.throwIfResponseFailed(ErrorHandler.java:166)
	at org.openqa.selenium.remote.JsonWireProtocolResponse.lambda$new$0(JsonWireProtocolResponse.java:53)
	at org.openqa.selenium.remote.JsonWireProtocolResponse.lambda$getResponseFunction$2(JsonWireProtocolResponse.java:91)
	at org.openqa.selenium.remote.ProtocolHandshake.lambda$createSession$0(ProtocolHandshake.java:123)
	at java.util.stream.ReferencePipeline$3$1.accept(ReferencePipeline.java:193)
	at java.util.Spliterators$ArraySpliterator.tryAdvance(Spliterators.java:958)
	at java.util.stream.ReferencePipeline.forEachWithCancel(ReferencePipeline.java:126)
	at java.util.stream.AbstractPipeline.copyIntoWithCancel(AbstractPipeline.java:498)
	at java.util.stream.AbstractPipeline.copyInto(AbstractPipeline.java:485)
	at java.util.stream.AbstractPipeline.wrapAndCopyInto(AbstractPipeline.java:471)
	at java.util.stream.FindOps$FindOp.evaluateSequential(FindOps.java:152)
	at java.util.stream.AbstractPipeline.evaluate(AbstractPipeline.java:234)
	at java.util.stream.ReferencePipeline.findFirst(ReferencePipeline.java:464)
	at org.openqa.selenium.remote.ProtocolHandshake.createSession(ProtocolHandshake.java:126)
	at org.openqa.selenium.remote.ProtocolHandshake.createSession(ProtocolHandshake.java:73)
	at org.openqa.selenium.remote.HttpCommandExecutor.execute(HttpCommandExecutor.java:142)
	at org.openqa.selenium.remote.RemoteWebDriver.execute(RemoteWebDriver.java:600)
	at org.openqa.selenium.remote.RemoteWebDriver.startSession(RemoteWebDriver.java:219)
	at org.openqa.selenium.remote.RemoteWebDriver.<init>(RemoteWebDriver.java:142)
	at org.openqa.selenium.remote.RemoteWebDriver.<init>(RemoteWebDriver.java:155)
	at com.nbcd.GenericLib.GetWebDriverInstance.getBrowser(GetWebDriverInstance.java:102)
	at java.util.concurrent.ThreadPoolExecutor.runWorker(ThreadPoolExecutor.java:1142)
	at java.util.concurrent.ThreadPoolExecutor$Worker.run(ThreadPoolExecutor.java:617)
	at java.lang.Thread.run(Thread.java:745)
... Removed 13 stack frames]]>
    </failure>
  </testcase> <!-- @BeforeClass getBrowser -->
  <testcase name="@BeforeMethod beforeMethod" time="0.0" classname="com.nbcd.GenericLib.Extent_Reports">
    <skipped/>
  </testcase> <!-- @BeforeMethod beforeMethod -->
  <testcase name="@BeforeClass getBrowserType" time="0.0" classname="com.nbcd.GenericLib.Extent_Reports">
    <skipped/>
  </testcase> <!-- @BeforeClass getBrowserType -->
  <testcase name="@BeforeClass getBrowser" time="0.0" classname="com.nbcd.GenericLib.GetWebDriverInstance">
    <skipped/>
  </testcase> <!-- @BeforeClass getBrowser -->
  <testcase name="@BeforeMethod beforeMethod" time="0.0" classname="com.nbcd.GenericLib.Extent_Reports">
    <skipped/>
  </testcase> <!-- @BeforeMethod beforeMethod -->
  <testcase name="@BeforeClass getBrowserType" time="0.0" classname="com.nbcd.GenericLib.Extent_Reports">
    <skipped/>
  </testcase> <!-- @BeforeClass getBrowserType -->
  <testcase name="@BeforeClass getBrowser" time="0.0" classname="com.nbcd.GenericLib.GetWebDriverInstance">
    <skipped/>
  </testcase> <!-- @BeforeClass getBrowser -->
  <testcase name="@BeforeMethod beforeMethod" time="0.0" classname="com.nbcd.GenericLib.Extent_Reports">
    <skipped/>
  </testcase> <!-- @BeforeMethod beforeMethod -->
  <testcase name="@BeforeClass getBrowserType" time="0.0" classname="com.nbcd.GenericLib.Extent_Reports">
    <skipped/>
  </testcase> <!-- @BeforeClass getBrowserType -->
  <testcase name="@BeforeClass getBrowser" time="0.0" classname="com.nbcd.GenericLib.GetWebDriverInstance">
    <skipped/>
  </testcase> <!-- @BeforeClass getBrowser -->
  <testcase name="@BeforeClass getBrowser" time="0.612" classname="com.nbcd.GenericLib.GetWebDriverInstance">
    <failure type="org.openqa.selenium.WebDriverException" message="Automate testing time expired. (WARNING: The server did not provide any stacktrace information)
Command duration or timeout: 612 milliseconds
Build info: version: &amp;apos;3.7.1&amp;apos;, revision: &amp;apos;8a0099a&amp;apos;, time: &amp;apos;2017-11-06T21:01:39.354Z&amp;apos;
System info: host: &amp;apos;LTUS43208&amp;apos;, ip: &amp;apos;192.168.1.66&amp;apos;, os.name: &amp;apos;Windows 7&amp;apos;, os.arch: &amp;apos;amd64&amp;apos;, os.version: &amp;apos;6.1&amp;apos;, java.version: &amp;apos;1.8.0_77&amp;apos;
Driver info: driver.version: RemoteWebDriver">
      <![CDATA[org.openqa.selenium.WebDriverException: Automate testing time expired. (WARNING: The server did not provide any stacktrace information)
Command duration or timeout: 612 milliseconds
Build info: version: '3.7.1', revision: '8a0099a', time: '2017-11-06T21:01:39.354Z'
System info: host: 'LTUS43208', ip: '192.168.1.66', os.name: 'Windows 7', os.arch: 'amd64', os.version: '6.1', java.version: '1.8.0_77'
Driver info: driver.version: RemoteWebDriver
	at org.openqa.selenium.remote.ErrorHandler.createThrowable(ErrorHandler.java:214)
	at org.openqa.selenium.remote.ErrorHandler.throwIfResponseFailed(ErrorHandler.java:166)
	at org.openqa.selenium.remote.JsonWireProtocolResponse.lambda$new$0(JsonWireProtocolResponse.java:53)
	at org.openqa.selenium.remote.JsonWireProtocolResponse.lambda$getResponseFunction$2(JsonWireProtocolResponse.java:91)
	at org.openqa.selenium.remote.ProtocolHandshake.lambda$createSession$0(ProtocolHandshake.java:123)
	at java.util.stream.ReferencePipeline$3$1.accept(ReferencePipeline.java:193)
	at java.util.Spliterators$ArraySpliterator.tryAdvance(Spliterators.java:958)
	at java.util.stream.ReferencePipeline.forEachWithCancel(ReferencePipeline.java:126)
	at java.util.stream.AbstractPipeline.copyIntoWithCancel(AbstractPipeline.java:498)
	at java.util.stream.AbstractPipeline.copyInto(AbstractPipeline.java:485)
	at java.util.stream.AbstractPipeline.wrapAndCopyInto(AbstractPipeline.java:471)
	at java.util.stream.FindOps$FindOp.evaluateSequential(FindOps.java:152)
	at java.util.stream.AbstractPipeline.evaluate(AbstractPipeline.java:234)
	at java.util.stream.ReferencePipeline.findFirst(ReferencePipeline.java:464)
	at org.openqa.selenium.remote.ProtocolHandshake.createSession(ProtocolHandshake.java:126)
	at org.openqa.selenium.remote.ProtocolHandshake.createSession(ProtocolHandshake.java:73)
	at org.openqa.selenium.remote.HttpCommandExecutor.execute(HttpCommandExecutor.java:142)
	at org.openqa.selenium.remote.RemoteWebDriver.execute(RemoteWebDriver.java:600)
	at org.openqa.selenium.remote.RemoteWebDriver.startSession(RemoteWebDriver.java:219)
	at org.openqa.selenium.remote.RemoteWebDriver.<init>(RemoteWebDriver.java:142)
	at org.openqa.selenium.remote.RemoteWebDriver.<init>(RemoteWebDriver.java:155)
	at com.nbcd.GenericLib.GetWebDriverInstance.getBrowser(GetWebDriverInstance.java:102)
	at java.util.concurrent.ThreadPoolExecutor.runWorker(ThreadPoolExecutor.java:1142)
	at java.util.concurrent.ThreadPoolExecutor$Worker.run(ThreadPoolExecutor.java:617)
	at java.lang.Thread.run(Thread.java:745)
... Removed 13 stack frames]]>
    </failure>
  </testcase> <!-- @BeforeClass getBrowser -->
  <testcase name="@BeforeClass getBrowser" time="0.622" classname="com.nbcd.GenericLib.GetWebDriverInstance">
    <failure type="org.openqa.selenium.WebDriverException" message="Automate testing time expired. (WARNING: The server did not provide any stacktrace information)
Command duration or timeout: 612 milliseconds
Build info: version: &amp;apos;3.7.1&amp;apos;, revision: &amp;apos;8a0099a&amp;apos;, time: &amp;apos;2017-11-06T21:01:39.354Z&amp;apos;
System info: host: &amp;apos;LTUS43208&amp;apos;, ip: &amp;apos;192.168.1.66&amp;apos;, os.name: &amp;apos;Windows 7&amp;apos;, os.arch: &amp;apos;amd64&amp;apos;, os.version: &amp;apos;6.1&amp;apos;, java.version: &amp;apos;1.8.0_77&amp;apos;
Driver info: driver.version: RemoteWebDriver">
      <![CDATA[org.openqa.selenium.WebDriverException: Automate testing time expired. (WARNING: The server did not provide any stacktrace information)
Command duration or timeout: 612 milliseconds
Build info: version: '3.7.1', revision: '8a0099a', time: '2017-11-06T21:01:39.354Z'
System info: host: 'LTUS43208', ip: '192.168.1.66', os.name: 'Windows 7', os.arch: 'amd64', os.version: '6.1', java.version: '1.8.0_77'
Driver info: driver.version: RemoteWebDriver
	at org.openqa.selenium.remote.ErrorHandler.createThrowable(ErrorHandler.java:214)
	at org.openqa.selenium.remote.ErrorHandler.throwIfResponseFailed(ErrorHandler.java:166)
	at org.openqa.selenium.remote.JsonWireProtocolResponse.lambda$new$0(JsonWireProtocolResponse.java:53)
	at org.openqa.selenium.remote.JsonWireProtocolResponse.lambda$getResponseFunction$2(JsonWireProtocolResponse.java:91)
	at org.openqa.selenium.remote.ProtocolHandshake.lambda$createSession$0(ProtocolHandshake.java:123)
	at java.util.stream.ReferencePipeline$3$1.accept(ReferencePipeline.java:193)
	at java.util.Spliterators$ArraySpliterator.tryAdvance(Spliterators.java:958)
	at java.util.stream.ReferencePipeline.forEachWithCancel(ReferencePipeline.java:126)
	at java.util.stream.AbstractPipeline.copyIntoWithCancel(AbstractPipeline.java:498)
	at java.util.stream.AbstractPipeline.copyInto(AbstractPipeline.java:485)
	at java.util.stream.AbstractPipeline.wrapAndCopyInto(AbstractPipeline.java:471)
	at java.util.stream.FindOps$FindOp.evaluateSequential(FindOps.java:152)
	at java.util.stream.AbstractPipeline.evaluate(AbstractPipeline.java:234)
	at java.util.stream.ReferencePipeline.findFirst(ReferencePipeline.java:464)
	at org.openqa.selenium.remote.ProtocolHandshake.createSession(ProtocolHandshake.java:126)
	at org.openqa.selenium.remote.ProtocolHandshake.createSession(ProtocolHandshake.java:73)
	at org.openqa.selenium.remote.HttpCommandExecutor.execute(HttpCommandExecutor.java:142)
	at org.openqa.selenium.remote.RemoteWebDriver.execute(RemoteWebDriver.java:600)
	at org.openqa.selenium.remote.RemoteWebDriver.startSession(RemoteWebDriver.java:219)
	at org.openqa.selenium.remote.RemoteWebDriver.<init>(RemoteWebDriver.java:142)
	at org.openqa.selenium.remote.RemoteWebDriver.<init>(RemoteWebDriver.java:155)
	at com.nbcd.GenericLib.GetWebDriverInstance.getBrowser(GetWebDriverInstance.java:102)
	at java.util.concurrent.ThreadPoolExecutor.runWorker(ThreadPoolExecutor.java:1142)
	at java.util.concurrent.ThreadPoolExecutor$Worker.run(ThreadPoolExecutor.java:617)
	at java.lang.Thread.run(Thread.java:745)
... Removed 13 stack frames]]>
    </failure>
  </testcase> <!-- @BeforeClass getBrowser -->
  <testcase name="@BeforeMethod beforeMethod" time="0.0" classname="com.nbcd.GenericLib.Extent_Reports">
    <skipped/>
  </testcase> <!-- @BeforeMethod beforeMethod -->
  <testcase name="@BeforeClass getBrowserType" time="0.0" classname="com.nbcd.GenericLib.Extent_Reports">
    <skipped/>
  </testcase> <!-- @BeforeClass getBrowserType -->
  <testcase name="@BeforeClass getBrowser" time="0.0" classname="com.nbcd.GenericLib.GetWebDriverInstance">
    <skipped/>
  </testcase> <!-- @BeforeClass getBrowser -->
  <testcase name="@BeforeMethod beforeMethod" time="0.0" classname="com.nbcd.GenericLib.Extent_Reports">
    <skipped/>
  </testcase> <!-- @BeforeMethod beforeMethod -->
  <testcase name="@BeforeMethod beforeMethod" time="0.0" classname="com.nbcd.GenericLib.Extent_Reports">
    <skipped/>
  </testcase> <!-- @BeforeMethod beforeMethod -->
  <testcase name="@BeforeMethod beforeMethod" time="0.0" classname="com.nbcd.GenericLib.Extent_Reports">
    <skipped/>
  </testcase> <!-- @BeforeMethod beforeMethod -->
  <testcase name="@BeforeClass getBrowserType" time="0.0" classname="com.nbcd.GenericLib.Extent_Reports">
    <skipped/>
  </testcase> <!-- @BeforeClass getBrowserType -->
  <testcase name="@BeforeClass getBrowser" time="0.0" classname="com.nbcd.GenericLib.GetWebDriverInstance">
    <skipped/>
  </testcase> <!-- @BeforeClass getBrowser -->
  <testcase name="@BeforeMethod beforeMethod" time="0.0" classname="com.nbcd.GenericLib.Extent_Reports">
    <skipped/>
  </testcase> <!-- @BeforeMethod beforeMethod -->
  <testcase name="@BeforeClass getBrowserType" time="0.0" classname="com.nbcd.GenericLib.Extent_Reports">
    <skipped/>
  </testcase> <!-- @BeforeClass getBrowserType -->
  <testcase name="@BeforeClass getBrowserType" time="0.0" classname="com.nbcd.GenericLib.Extent_Reports">
    <skipped/>
  </testcase> <!-- @BeforeClass getBrowserType -->
  <testcase name="@BeforeClass getBrowser" time="0.0" classname="com.nbcd.GenericLib.GetWebDriverInstance">
    <skipped/>
  </testcase> <!-- @BeforeClass getBrowser -->
  <testcase name="@BeforeClass getBrowser" time="0.0" classname="com.nbcd.GenericLib.GetWebDriverInstance">
    <skipped/>
  </testcase> <!-- @BeforeClass getBrowser -->
  <testcase name="@BeforeMethod beforeMethod" time="0.0" classname="com.nbcd.GenericLib.Extent_Reports">
    <skipped/>
  </testcase> <!-- @BeforeMethod beforeMethod -->
  <testcase name="@BeforeClass getBrowserType" time="0.0" classname="com.nbcd.GenericLib.Extent_Reports">
    <skipped/>
  </testcase> <!-- @BeforeClass getBrowserType -->
  <testcase name="@BeforeClass getBrowserType" time="0.0" classname="com.nbcd.GenericLib.Extent_Reports">
    <skipped/>
  </testcase> <!-- @BeforeClass getBrowserType -->
  <testcase name="@BeforeMethod beforeMethod" time="0.0" classname="com.nbcd.GenericLib.Extent_Reports">
    <skipped/>
  </testcase> <!-- @BeforeMethod beforeMethod -->
  <testcase name="@BeforeClass getBrowser" time="0.0" classname="com.nbcd.GenericLib.GetWebDriverInstance">
    <skipped/>
  </testcase> <!-- @BeforeClass getBrowser -->
  <testcase name="@BeforeClass getBrowser" time="0.0" classname="com.nbcd.GenericLib.GetWebDriverInstance">
    <skipped/>
  </testcase> <!-- @BeforeClass getBrowser -->
  <testcase name="@BeforeMethod beforeMethod" time="0.0" classname="com.nbcd.GenericLib.Extent_Reports">
    <skipped/>
  </testcase> <!-- @BeforeMethod beforeMethod -->
  <testcase name="@BeforeClass getBrowserType" time="0.0" classname="com.nbcd.GenericLib.Extent_Reports">
    <skipped/>
  </testcase> <!-- @BeforeClass getBrowserType -->
  <testcase name="@BeforeClass getBrowser" time="0.0" classname="com.nbcd.GenericLib.GetWebDriverInstance">
    <skipped/>
  </testcase> <!-- @BeforeClass getBrowser -->
  <testcase name="@BeforeMethod beforeMethod" time="0.0" classname="com.nbcd.GenericLib.Extent_Reports">
    <skipped/>
  </testcase> <!-- @BeforeMethod beforeMethod -->
  <testcase name="@BeforeClass getBrowserType" time="0.0" classname="com.nbcd.GenericLib.Extent_Reports">
    <skipped/>
  </testcase> <!-- @BeforeClass getBrowserType -->
  <testcase name="@BeforeClass getBrowser" time="0.0" classname="com.nbcd.GenericLib.GetWebDriverInstance">
    <skipped/>
  </testcase> <!-- @BeforeClass getBrowser -->
  <testcase name="@BeforeMethod beforeMethod" time="0.0" classname="com.nbcd.GenericLib.Extent_Reports">
    <skipped/>
  </testcase> <!-- @BeforeMethod beforeMethod -->
  <testcase name="@BeforeClass getBrowserType" time="0.0" classname="com.nbcd.GenericLib.Extent_Reports">
    <skipped/>
  </testcase> <!-- @BeforeClass getBrowserType -->
  <testcase name="@BeforeClass getBrowserType" time="0.0" classname="com.nbcd.GenericLib.Extent_Reports">
    <skipped/>
  </testcase> <!-- @BeforeClass getBrowserType -->
  <testcase name="@BeforeClass getBrowser" time="0.0" classname="com.nbcd.GenericLib.GetWebDriverInstance">
    <skipped/>
  </testcase> <!-- @BeforeClass getBrowser -->
  <testcase name="@BeforeMethod beforeMethod" time="0.0" classname="com.nbcd.GenericLib.Extent_Reports">
    <skipped/>
  </testcase> <!-- @BeforeMethod beforeMethod -->
  <testcase name="@BeforeClass getBrowserType" time="0.0" classname="com.nbcd.GenericLib.Extent_Reports">
    <skipped/>
  </testcase> <!-- @BeforeClass getBrowserType -->
  <testcase name="@BeforeClass getBrowser" time="0.0" classname="com.nbcd.GenericLib.GetWebDriverInstance">
    <skipped/>
  </testcase> <!-- @BeforeClass getBrowser -->
  <testcase name="@BeforeMethod beforeMethod" time="0.0" classname="com.nbcd.GenericLib.Extent_Reports">
    <skipped/>
  </testcase> <!-- @BeforeMethod beforeMethod -->
  <testcase name="@BeforeClass getBrowserType" time="0.0" classname="com.nbcd.GenericLib.Extent_Reports">
    <skipped/>
  </testcase> <!-- @BeforeClass getBrowserType -->
  <testcase name="@BeforeClass getBrowser" time="0.0" classname="com.nbcd.GenericLib.GetWebDriverInstance">
    <skipped/>
  </testcase> <!-- @BeforeClass getBrowser -->
  <testcase name="@BeforeMethod beforeMethod" time="0.0" classname="com.nbcd.GenericLib.Extent_Reports">
    <skipped/>
  </testcase> <!-- @BeforeMethod beforeMethod -->
  <testcase name="@BeforeClass getBrowser" time="0.0" classname="com.nbcd.GenericLib.GetWebDriverInstance">
    <skipped/>
  </testcase> <!-- @BeforeClass getBrowser -->
  <testcase name="@BeforeClass getBrowserType" time="0.0" classname="com.nbcd.GenericLib.Extent_Reports">
    <skipped/>
  </testcase> <!-- @BeforeClass getBrowserType -->
  <testcase name="@BeforeClass getBrowser" time="0.0" classname="com.nbcd.GenericLib.GetWebDriverInstance">
    <skipped/>
  </testcase> <!-- @BeforeClass getBrowser -->
  <testcase name="@BeforeMethod beforeMethod" time="0.0" classname="com.nbcd.GenericLib.Extent_Reports">
    <skipped/>
  </testcase> <!-- @BeforeMethod beforeMethod -->
  <testcase name="@BeforeClass getBrowserType" time="0.0" classname="com.nbcd.GenericLib.Extent_Reports">
    <skipped/>
  </testcase> <!-- @BeforeClass getBrowserType -->
  <testcase name="@BeforeClass getBrowser" time="0.0" classname="com.nbcd.GenericLib.GetWebDriverInstance">
    <skipped/>
  </testcase> <!-- @BeforeClass getBrowser -->
  <testcase name="@BeforeMethod beforeMethod" time="0.0" classname="com.nbcd.GenericLib.Extent_Reports">
    <skipped/>
  </testcase> <!-- @BeforeMethod beforeMethod -->
  <testcase name="@BeforeClass getBrowserType" time="0.0" classname="com.nbcd.GenericLib.Extent_Reports">
    <skipped/>
  </testcase> <!-- @BeforeClass getBrowserType -->
  <testcase name="@BeforeClass getBrowser" time="0.0" classname="com.nbcd.GenericLib.GetWebDriverInstance">
    <skipped/>
  </testcase> <!-- @BeforeClass getBrowser -->
  <testcase name="@BeforeMethod beforeMethod" time="0.0" classname="com.nbcd.GenericLib.Extent_Reports">
    <skipped/>
  </testcase> <!-- @BeforeMethod beforeMethod -->
  <testcase name="@BeforeClass getBrowserType" time="0.0" classname="com.nbcd.GenericLib.Extent_Reports">
    <skipped/>
  </testcase> <!-- @BeforeClass getBrowserType -->
  <testcase name="@BeforeClass getBrowser" time="0.0" classname="com.nbcd.GenericLib.GetWebDriverInstance">
    <skipped/>
  </testcase> <!-- @BeforeClass getBrowser -->
  <testcase name="@BeforeMethod beforeMethod" time="0.0" classname="com.nbcd.GenericLib.Extent_Reports">
    <skipped/>
  </testcase> <!-- @BeforeMethod beforeMethod -->
  <testcase name="@BeforeClass getBrowserType" time="0.0" classname="com.nbcd.GenericLib.Extent_Reports">
    <skipped/>
  </testcase> <!-- @BeforeClass getBrowserType -->
  <testcase name="@BeforeClass getBrowser" time="0.0" classname="com.nbcd.GenericLib.GetWebDriverInstance">
    <skipped/>
  </testcase> <!-- @BeforeClass getBrowser -->
  <testcase name="@BeforeMethod beforeMethod" time="0.0" classname="com.nbcd.GenericLib.Extent_Reports">
    <skipped/>
  </testcase> <!-- @BeforeMethod beforeMethod -->
  <testcase name="@BeforeClass getBrowserType" time="0.0" classname="com.nbcd.GenericLib.Extent_Reports">
    <skipped/>
  </testcase> <!-- @BeforeClass getBrowserType -->
  <testcase name="@BeforeClass getBrowser" time="0.0" classname="com.nbcd.GenericLib.GetWebDriverInstance">
    <skipped/>
  </testcase> <!-- @BeforeClass getBrowser -->
  <testcase name="@BeforeMethod beforeMethod" time="0.0" classname="com.nbcd.GenericLib.Extent_Reports">
    <skipped/>
  </testcase> <!-- @BeforeMethod beforeMethod -->
  <testcase name="@BeforeClass getBrowserType" time="0.0" classname="com.nbcd.GenericLib.Extent_Reports">
    <skipped/>
  </testcase> <!-- @BeforeClass getBrowserType -->
  <testcase name="@BeforeMethod beforeMethod" time="0.0" classname="com.nbcd.GenericLib.Extent_Reports">
    <skipped/>
  </testcase> <!-- @BeforeMethod beforeMethod -->
  <testcase name="@BeforeClass getBrowserType" time="0.0" classname="com.nbcd.GenericLib.Extent_Reports">
    <skipped/>
  </testcase> <!-- @BeforeClass getBrowserType -->
  <testcase name="@BeforeClass getBrowser" time="0.0" classname="com.nbcd.GenericLib.GetWebDriverInstance">
    <skipped/>
  </testcase> <!-- @BeforeClass getBrowser -->
  <testcase name="@BeforeMethod beforeMethod" time="0.0" classname="com.nbcd.GenericLib.Extent_Reports">
    <skipped/>
  </testcase> <!-- @BeforeMethod beforeMethod -->
  <testcase name="@BeforeClass getBrowserType" time="0.0" classname="com.nbcd.GenericLib.Extent_Reports">
    <skipped/>
  </testcase> <!-- @BeforeClass getBrowserType -->
  <testcase name="@BeforeClass getBrowser" time="0.0" classname="com.nbcd.GenericLib.GetWebDriverInstance">
    <skipped/>
  </testcase> <!-- @BeforeClass getBrowser -->
  <testcase name="@BeforeClass getBrowserType" time="0.0" classname="com.nbcd.GenericLib.Extent_Reports">
    <skipped/>
  </testcase> <!-- @BeforeClass getBrowserType -->
  <testcase name="@BeforeMethod beforeMethod" time="0.0" classname="com.nbcd.GenericLib.Extent_Reports">
    <skipped/>
  </testcase> <!-- @BeforeMethod beforeMethod -->
  <testcase name="@BeforeClass getBrowser" time="0.0" classname="com.nbcd.GenericLib.GetWebDriverInstance">
    <skipped/>
  </testcase> <!-- @BeforeClass getBrowser -->
  <testcase name="@BeforeClass getBrowser" time="0.0" classname="com.nbcd.GenericLib.GetWebDriverInstance">
    <skipped/>
  </testcase> <!-- @BeforeClass getBrowser -->
  <testcase name="@BeforeMethod beforeMethod" time="0.0" classname="com.nbcd.GenericLib.Extent_Reports">
    <skipped/>
  </testcase> <!-- @BeforeMethod beforeMethod -->
  <testcase name="@BeforeMethod beforeMethod" time="0.0" classname="com.nbcd.GenericLib.Extent_Reports">
    <skipped/>
  </testcase> <!-- @BeforeMethod beforeMethod -->
  <testcase name="@BeforeClass getBrowserType" time="0.0" classname="com.nbcd.GenericLib.Extent_Reports">
    <skipped/>
  </testcase> <!-- @BeforeClass getBrowserType -->
  <testcase name="@BeforeClass getBrowser" time="0.0" classname="com.nbcd.GenericLib.GetWebDriverInstance">
    <skipped/>
  </testcase> <!-- @BeforeClass getBrowser -->
  <testcase name="@BeforeClass getBrowserType" time="0.0" classname="com.nbcd.GenericLib.Extent_Reports">
    <skipped/>
  </testcase> <!-- @BeforeClass getBrowserType -->
  <testcase name="@BeforeMethod beforeMethod" time="0.0" classname="com.nbcd.GenericLib.Extent_Reports">
    <skipped/>
  </testcase> <!-- @BeforeMethod beforeMethod -->
  <testcase name="@BeforeClass getBrowserType" time="0.0" classname="com.nbcd.GenericLib.Extent_Reports">
    <skipped/>
  </testcase> <!-- @BeforeClass getBrowserType -->
  <testcase name="@BeforeClass getBrowserType" time="0.0" classname="com.nbcd.GenericLib.Extent_Reports">
    <skipped/>
  </testcase> <!-- @BeforeClass getBrowserType -->
  <testcase name="@BeforeClass getBrowser" time="0.0" classname="com.nbcd.GenericLib.GetWebDriverInstance">
    <skipped/>
  </testcase> <!-- @BeforeClass getBrowser -->
  <testcase name="@BeforeClass getBrowser" time="0.0" classname="com.nbcd.GenericLib.GetWebDriverInstance">
    <skipped/>
  </testcase> <!-- @BeforeClass getBrowser -->
  <testcase name="@BeforeClass getBrowser" time="0.0" classname="com.nbcd.GenericLib.GetWebDriverInstance">
    <skipped/>
  </testcase> <!-- @BeforeClass getBrowser -->
  <testcase name="@BeforeMethod beforeMethod" time="0.0" classname="com.nbcd.GenericLib.Extent_Reports">
    <skipped/>
  </testcase> <!-- @BeforeMethod beforeMethod -->
  <testcase name="@BeforeMethod beforeMethod" time="0.0" classname="com.nbcd.GenericLib.Extent_Reports">
    <skipped/>
  </testcase> <!-- @BeforeMethod beforeMethod -->
  <testcase name="@BeforeMethod beforeMethod" time="0.0" classname="com.nbcd.GenericLib.Extent_Reports">
    <skipped/>
  </testcase> <!-- @BeforeMethod beforeMethod -->
  <testcase name="@BeforeClass getBrowserType" time="0.0" classname="com.nbcd.GenericLib.Extent_Reports">
    <skipped/>
  </testcase> <!-- @BeforeClass getBrowserType -->
  <testcase name="@BeforeClass getBrowserType" time="0.0" classname="com.nbcd.GenericLib.Extent_Reports">
    <skipped/>
  </testcase> <!-- @BeforeClass getBrowserType -->
  <testcase name="@BeforeClass getBrowserType" time="0.0" classname="com.nbcd.GenericLib.Extent_Reports">
    <skipped/>
  </testcase> <!-- @BeforeClass getBrowserType -->
  <testcase name="@BeforeClass getBrowser" time="0.0" classname="com.nbcd.GenericLib.GetWebDriverInstance">
    <skipped/>
  </testcase> <!-- @BeforeClass getBrowser -->
  <testcase name="@BeforeClass getBrowser" time="0.0" classname="com.nbcd.GenericLib.GetWebDriverInstance">
    <skipped/>
  </testcase> <!-- @BeforeClass getBrowser -->
  <testcase name="@BeforeClass getBrowser" time="0.0" classname="com.nbcd.GenericLib.GetWebDriverInstance">
    <skipped/>
  </testcase> <!-- @BeforeClass getBrowser -->
  <testcase name="@BeforeMethod beforeMethod" time="0.0" classname="com.nbcd.GenericLib.Extent_Reports">
    <skipped/>
  </testcase> <!-- @BeforeMethod beforeMethod -->
  <testcase name="@BeforeMethod beforeMethod" time="0.0" classname="com.nbcd.GenericLib.Extent_Reports">
    <skipped/>
  </testcase> <!-- @BeforeMethod beforeMethod -->
  <testcase name="@BeforeMethod beforeMethod" time="0.0" classname="com.nbcd.GenericLib.Extent_Reports">
    <skipped/>
  </testcase> <!-- @BeforeMethod beforeMethod -->
  <testcase name="@BeforeClass getBrowserType" time="0.0" classname="com.nbcd.GenericLib.Extent_Reports">
    <skipped/>
  </testcase> <!-- @BeforeClass getBrowserType -->
  <testcase name="@BeforeClass getBrowserType" time="0.0" classname="com.nbcd.GenericLib.Extent_Reports">
    <skipped/>
  </testcase> <!-- @BeforeClass getBrowserType -->
  <testcase name="@BeforeClass getBrowserType" time="0.0" classname="com.nbcd.GenericLib.Extent_Reports">
    <skipped/>
  </testcase> <!-- @BeforeClass getBrowserType -->
  <testcase name="@BeforeClass getBrowser" time="0.0" classname="com.nbcd.GenericLib.GetWebDriverInstance">
    <skipped/>
  </testcase> <!-- @BeforeClass getBrowser -->
  <testcase name="@BeforeClass getBrowser" time="0.0" classname="com.nbcd.GenericLib.GetWebDriverInstance">
    <skipped/>
  </testcase> <!-- @BeforeClass getBrowser -->
  <testcase name="@BeforeClass getBrowser" time="0.0" classname="com.nbcd.GenericLib.GetWebDriverInstance">
    <skipped/>
  </testcase> <!-- @BeforeClass getBrowser -->
  <testcase name="@BeforeMethod beforeMethod" time="0.0" classname="com.nbcd.GenericLib.Extent_Reports">
    <skipped/>
  </testcase> <!-- @BeforeMethod beforeMethod -->
  <testcase name="@BeforeMethod beforeMethod" time="0.0" classname="com.nbcd.GenericLib.Extent_Reports">
    <skipped/>
  </testcase> <!-- @BeforeMethod beforeMethod -->
  <testcase name="@BeforeMethod beforeMethod" time="0.0" classname="com.nbcd.GenericLib.Extent_Reports">
    <skipped/>
  </testcase> <!-- @BeforeMethod beforeMethod -->
  <testcase name="@BeforeClass getBrowserType" time="0.0" classname="com.nbcd.GenericLib.Extent_Reports">
    <skipped/>
  </testcase> <!-- @BeforeClass getBrowserType -->
  <testcase name="@BeforeClass getBrowser" time="0.0" classname="com.nbcd.GenericLib.GetWebDriverInstance">
    <skipped/>
  </testcase> <!-- @BeforeClass getBrowser -->
  <testcase name="@BeforeClass getBrowserType" time="0.0" classname="com.nbcd.GenericLib.Extent_Reports">
    <skipped/>
  </testcase> <!-- @BeforeClass getBrowserType -->
  <testcase name="@BeforeClass getBrowserType" time="0.0" classname="com.nbcd.GenericLib.Extent_Reports">
    <skipped/>
  </testcase> <!-- @BeforeClass getBrowserType -->
  <testcase name="@BeforeClass getBrowser" time="0.0" classname="com.nbcd.GenericLib.GetWebDriverInstance">
    <skipped/>
  </testcase> <!-- @BeforeClass getBrowser -->
  <testcase name="@BeforeMethod beforeMethod" time="0.0" classname="com.nbcd.GenericLib.Extent_Reports">
    <skipped/>
  </testcase> <!-- @BeforeMethod beforeMethod -->
  <testcase name="@BeforeClass getBrowserType" time="0.0" classname="com.nbcd.GenericLib.Extent_Reports">
    <skipped/>
  </testcase> <!-- @BeforeClass getBrowserType -->
  <testcase name="@BeforeClass getBrowser" time="0.0" classname="com.nbcd.GenericLib.GetWebDriverInstance">
    <skipped/>
  </testcase> <!-- @BeforeClass getBrowser -->
  <testcase name="@BeforeMethod beforeMethod" time="0.0" classname="com.nbcd.GenericLib.Extent_Reports">
    <skipped/>
  </testcase> <!-- @BeforeMethod beforeMethod -->
  <testcase name="@BeforeClass getBrowserType" time="0.0" classname="com.nbcd.GenericLib.Extent_Reports">
    <skipped/>
  </testcase> <!-- @BeforeClass getBrowserType -->
  <testcase name="@BeforeClass getBrowser" time="0.0" classname="com.nbcd.GenericLib.GetWebDriverInstance">
    <skipped/>
  </testcase> <!-- @BeforeClass getBrowser -->
  <testcase name="@BeforeMethod beforeMethod" time="0.0" classname="com.nbcd.GenericLib.Extent_Reports">
    <skipped/>
  </testcase> <!-- @BeforeMethod beforeMethod -->
  <testcase name="@BeforeClass getBrowser" time="0.0" classname="com.nbcd.GenericLib.GetWebDriverInstance">
    <skipped/>
  </testcase> <!-- @BeforeClass getBrowser -->
  <testcase name="@BeforeMethod beforeMethod" time="0.0" classname="com.nbcd.GenericLib.Extent_Reports">
    <skipped/>
  </testcase> <!-- @BeforeMethod beforeMethod -->
  <testcase name="@BeforeClass getBrowserType" time="0.0" classname="com.nbcd.GenericLib.Extent_Reports">
    <skipped/>
  </testcase> <!-- @BeforeClass getBrowserType -->
  <testcase name="@BeforeMethod beforeMethod" time="0.0" classname="com.nbcd.GenericLib.Extent_Reports">
    <skipped/>
  </testcase> <!-- @BeforeMethod beforeMethod -->
  <testcase name="@BeforeClass getBrowser" time="0.0" classname="com.nbcd.GenericLib.GetWebDriverInstance">
    <skipped/>
  </testcase> <!-- @BeforeClass getBrowser -->
  <testcase name="@BeforeMethod beforeMethod" time="0.0" classname="com.nbcd.GenericLib.Extent_Reports">
    <skipped/>
  </testcase> <!-- @BeforeMethod beforeMethod -->
  <testcase name="@BeforeClass getBrowserType" time="0.0" classname="com.nbcd.GenericLib.Extent_Reports">
    <skipped/>
  </testcase> <!-- @BeforeClass getBrowserType -->
  <testcase name="@BeforeClass getBrowserType" time="0.0" classname="com.nbcd.GenericLib.Extent_Reports">
    <skipped/>
  </testcase> <!-- @BeforeClass getBrowserType -->
  <testcase name="@BeforeClass getBrowser" time="0.0" classname="com.nbcd.GenericLib.GetWebDriverInstance">
    <skipped/>
  </testcase> <!-- @BeforeClass getBrowser -->
  <testcase name="@BeforeClass getBrowser" time="0.0" classname="com.nbcd.GenericLib.GetWebDriverInstance">
    <skipped/>
  </testcase> <!-- @BeforeClass getBrowser -->
  <testcase name="@BeforeMethod beforeMethod" time="0.0" classname="com.nbcd.GenericLib.Extent_Reports">
    <skipped/>
  </testcase> <!-- @BeforeMethod beforeMethod -->
  <testcase name="@BeforeMethod beforeMethod" time="0.0" classname="com.nbcd.GenericLib.Extent_Reports">
    <skipped/>
  </testcase> <!-- @BeforeMethod beforeMethod -->
  <testcase name="@BeforeClass getBrowserType" time="0.0" classname="com.nbcd.GenericLib.Extent_Reports">
    <skipped/>
  </testcase> <!-- @BeforeClass getBrowserType -->
  <testcase name="@BeforeClass getBrowserType" time="0.0" classname="com.nbcd.GenericLib.Extent_Reports">
    <skipped/>
  </testcase> <!-- @BeforeClass getBrowserType -->
  <testcase name="@BeforeClass getBrowser" time="0.0" classname="com.nbcd.GenericLib.GetWebDriverInstance">
    <skipped/>
  </testcase> <!-- @BeforeClass getBrowser -->
  <testcase name="@BeforeClass getBrowserType" time="0.0" classname="com.nbcd.GenericLib.Extent_Reports">
    <skipped/>
  </testcase> <!-- @BeforeClass getBrowserType -->
  <testcase name="@BeforeMethod beforeMethod" time="0.0" classname="com.nbcd.GenericLib.Extent_Reports">
    <skipped/>
  </testcase> <!-- @BeforeMethod beforeMethod -->
  <testcase name="@BeforeClass getBrowser" time="0.0" classname="com.nbcd.GenericLib.GetWebDriverInstance">
    <skipped/>
  </testcase> <!-- @BeforeClass getBrowser -->
  <testcase name="@BeforeClass getBrowser" time="0.0" classname="com.nbcd.GenericLib.GetWebDriverInstance">
    <skipped/>
  </testcase> <!-- @BeforeClass getBrowser -->
  <testcase name="@BeforeMethod beforeMethod" time="0.0" classname="com.nbcd.GenericLib.Extent_Reports">
    <skipped/>
  </testcase> <!-- @BeforeMethod beforeMethod -->
  <testcase name="@BeforeClass getBrowserType" time="0.0" classname="com.nbcd.GenericLib.Extent_Reports">
    <skipped/>
  </testcase> <!-- @BeforeClass getBrowserType -->
  <testcase name="@BeforeClass getBrowser" time="0.0" classname="com.nbcd.GenericLib.GetWebDriverInstance">
    <skipped/>
  </testcase> <!-- @BeforeClass getBrowser -->
  <testcase name="@BeforeMethod beforeMethod" time="0.0" classname="com.nbcd.GenericLib.Extent_Reports">
    <skipped/>
  </testcase> <!-- @BeforeMethod beforeMethod -->
  <testcase name="@BeforeClass getBrowserType" time="0.0" classname="com.nbcd.GenericLib.Extent_Reports">
    <skipped/>
  </testcase> <!-- @BeforeClass getBrowserType -->
  <testcase name="@BeforeClass getBrowser" time="0.0" classname="com.nbcd.GenericLib.GetWebDriverInstance">
    <skipped/>
  </testcase> <!-- @BeforeClass getBrowser -->
  <testcase name="@BeforeMethod beforeMethod" time="0.0" classname="com.nbcd.GenericLib.Extent_Reports">
    <skipped/>
  </testcase> <!-- @BeforeMethod beforeMethod -->
  <testcase name="@BeforeClass getBrowserType" time="0.0" classname="com.nbcd.GenericLib.Extent_Reports">
    <skipped/>
  </testcase> <!-- @BeforeClass getBrowserType -->
  <testcase name="@BeforeClass getBrowserType" time="0.0" classname="com.nbcd.GenericLib.Extent_Reports">
    <skipped/>
  </testcase> <!-- @BeforeClass getBrowserType -->
  <testcase name="@BeforeClass getBrowser" time="0.0" classname="com.nbcd.GenericLib.GetWebDriverInstance">
    <skipped/>
  </testcase> <!-- @BeforeClass getBrowser -->
  <testcase name="@BeforeMethod beforeMethod" time="0.0" classname="com.nbcd.GenericLib.Extent_Reports">
    <skipped/>
  </testcase> <!-- @BeforeMethod beforeMethod -->
  <testcase name="@BeforeMethod beforeMethod" time="0.0" classname="com.nbcd.GenericLib.Extent_Reports">
    <skipped/>
  </testcase> <!-- @BeforeMethod beforeMethod -->
  <testcase name="@BeforeClass getBrowserType" time="0.0" classname="com.nbcd.GenericLib.Extent_Reports">
    <skipped/>
  </testcase> <!-- @BeforeClass getBrowserType -->
  <testcase name="@BeforeClass getBrowser" time="0.0" classname="com.nbcd.GenericLib.GetWebDriverInstance">
    <skipped/>
  </testcase> <!-- @BeforeClass getBrowser -->
  <testcase name="@BeforeClass getBrowser" time="0.0" classname="com.nbcd.GenericLib.GetWebDriverInstance">
    <skipped/>
  </testcase> <!-- @BeforeClass getBrowser -->
  <testcase name="@BeforeMethod beforeMethod" time="0.0" classname="com.nbcd.GenericLib.Extent_Reports">
    <skipped/>
  </testcase> <!-- @BeforeMethod beforeMethod -->
  <testcase name="@BeforeMethod beforeMethod" time="0.0" classname="com.nbcd.GenericLib.Extent_Reports">
    <skipped/>
  </testcase> <!-- @BeforeMethod beforeMethod -->
  <testcase name="@BeforeClass getBrowserType" time="0.0" classname="com.nbcd.GenericLib.Extent_Reports">
    <skipped/>
  </testcase> <!-- @BeforeClass getBrowserType -->
  <testcase name="@BeforeClass getBrowserType" time="0.0" classname="com.nbcd.GenericLib.Extent_Reports">
    <skipped/>
  </testcase> <!-- @BeforeClass getBrowserType -->
  <testcase name="@BeforeClass getBrowser" time="0.0" classname="com.nbcd.GenericLib.GetWebDriverInstance">
    <skipped/>
  </testcase> <!-- @BeforeClass getBrowser -->
  <testcase name="@BeforeClass getBrowserType" time="0.0" classname="com.nbcd.GenericLib.Extent_Reports">
    <skipped/>
  </testcase> <!-- @BeforeClass getBrowserType -->
  <testcase name="@BeforeClass getBrowser" time="0.0" classname="com.nbcd.GenericLib.GetWebDriverInstance">
    <skipped/>
  </testcase> <!-- @BeforeClass getBrowser -->
  <testcase name="@BeforeMethod beforeMethod" time="0.0" classname="com.nbcd.GenericLib.Extent_Reports">
    <skipped/>
  </testcase> <!-- @BeforeMethod beforeMethod -->
  <testcase name="@BeforeClass getBrowser" time="0.0" classname="com.nbcd.GenericLib.GetWebDriverInstance">
    <skipped/>
  </testcase> <!-- @BeforeClass getBrowser -->
  <testcase name="@BeforeClass getBrowserType" time="0.0" classname="com.nbcd.GenericLib.Extent_Reports">
    <skipped/>
  </testcase> <!-- @BeforeClass getBrowserType -->
  <testcase name="@BeforeMethod beforeMethod" time="0.0" classname="com.nbcd.GenericLib.Extent_Reports">
    <skipped/>
  </testcase> <!-- @BeforeMethod beforeMethod -->
  <testcase name="@BeforeClass getBrowser" time="0.0" classname="com.nbcd.GenericLib.GetWebDriverInstance">
    <skipped/>
  </testcase> <!-- @BeforeClass getBrowser -->
  <testcase name="@BeforeMethod beforeMethod" time="0.0" classname="com.nbcd.GenericLib.Extent_Reports">
    <skipped/>
  </testcase> <!-- @BeforeMethod beforeMethod -->
  <testcase name="@BeforeMethod beforeMethod" time="0.0" classname="com.nbcd.GenericLib.Extent_Reports">
    <skipped/>
  </testcase> <!-- @BeforeMethod beforeMethod -->
  <testcase name="@BeforeClass getBrowserType" time="0.0" classname="com.nbcd.GenericLib.Extent_Reports">
    <skipped/>
  </testcase> <!-- @BeforeClass getBrowserType -->
  <testcase name="@BeforeClass getBrowser" time="0.0" classname="com.nbcd.GenericLib.GetWebDriverInstance">
    <skipped/>
  </testcase> <!-- @BeforeClass getBrowser -->
  <testcase name="@BeforeClass getBrowserType" time="0.0" classname="com.nbcd.GenericLib.Extent_Reports">
    <skipped/>
  </testcase> <!-- @BeforeClass getBrowserType -->
  <testcase name="@BeforeClass getBrowserType" time="0.0" classname="com.nbcd.GenericLib.Extent_Reports">
    <skipped/>
  </testcase> <!-- @BeforeClass getBrowserType -->
  <testcase name="@BeforeClass getBrowser" time="0.0" classname="com.nbcd.GenericLib.GetWebDriverInstance">
    <skipped/>
  </testcase> <!-- @BeforeClass getBrowser -->
  <testcase name="@BeforeMethod beforeMethod" time="0.0" classname="com.nbcd.GenericLib.Extent_Reports">
    <skipped/>
  </testcase> <!-- @BeforeMethod beforeMethod -->
  <testcase name="@BeforeClass getBrowser" time="0.0" classname="com.nbcd.GenericLib.GetWebDriverInstance">
    <skipped/>
  </testcase> <!-- @BeforeClass getBrowser -->
  <testcase name="@BeforeMethod beforeMethod" time="0.0" classname="com.nbcd.GenericLib.Extent_Reports">
    <skipped/>
  </testcase> <!-- @BeforeMethod beforeMethod -->
  <testcase name="@BeforeMethod beforeMethod" time="0.0" classname="com.nbcd.GenericLib.Extent_Reports">
    <skipped/>
  </testcase> <!-- @BeforeMethod beforeMethod -->
  <testcase name="@BeforeClass getBrowserType" time="0.0" classname="com.nbcd.GenericLib.Extent_Reports">
    <skipped/>
  </testcase> <!-- @BeforeClass getBrowserType -->
  <testcase name="@BeforeClass getBrowser" time="0.0" classname="com.nbcd.GenericLib.GetWebDriverInstance">
    <skipped/>
  </testcase> <!-- @BeforeClass getBrowser -->
  <testcase name="@BeforeClass getBrowserType" time="0.0" classname="com.nbcd.GenericLib.Extent_Reports">
    <skipped/>
  </testcase> <!-- @BeforeClass getBrowserType -->
  <testcase name="@BeforeMethod beforeMethod" time="0.0" classname="com.nbcd.GenericLib.Extent_Reports">
    <skipped/>
  </testcase> <!-- @BeforeMethod beforeMethod -->
  <testcase name="@BeforeClass getBrowser" time="0.0" classname="com.nbcd.GenericLib.GetWebDriverInstance">
    <skipped/>
  </testcase> <!-- @BeforeClass getBrowser -->
  <testcase name="@BeforeClass getBrowserType" time="0.0" classname="com.nbcd.GenericLib.Extent_Reports">
    <skipped/>
  </testcase> <!-- @BeforeClass getBrowserType -->
  <testcase name="@BeforeMethod beforeMethod" time="0.0" classname="com.nbcd.GenericLib.Extent_Reports">
    <skipped/>
  </testcase> <!-- @BeforeMethod beforeMethod -->
  <testcase name="@BeforeClass getBrowser" time="0.0" classname="com.nbcd.GenericLib.GetWebDriverInstance">
    <skipped/>
  </testcase> <!-- @BeforeClass getBrowser -->
  <testcase name="@BeforeClass getBrowserType" time="0.0" classname="com.nbcd.GenericLib.Extent_Reports">
    <skipped/>
  </testcase> <!-- @BeforeClass getBrowserType -->
  <testcase name="@BeforeClass getBrowser" time="0.0" classname="com.nbcd.GenericLib.GetWebDriverInstance">
    <skipped/>
  </testcase> <!-- @BeforeClass getBrowser -->
  <testcase name="@BeforeClass getBrowserType" time="0.0" classname="com.nbcd.GenericLib.Extent_Reports">
    <skipped/>
  </testcase> <!-- @BeforeClass getBrowserType -->
  <testcase name="@BeforeMethod beforeMethod" time="0.0" classname="com.nbcd.GenericLib.Extent_Reports">
    <skipped/>
  </testcase> <!-- @BeforeMethod beforeMethod -->
  <testcase name="@BeforeMethod beforeMethod" time="0.0" classname="com.nbcd.GenericLib.Extent_Reports">
    <skipped/>
  </testcase> <!-- @BeforeMethod beforeMethod -->
  <testcase name="@BeforeClass getBrowserType" time="0.0" classname="com.nbcd.GenericLib.Extent_Reports">
    <skipped/>
  </testcase> <!-- @BeforeClass getBrowserType -->
  <testcase name="@BeforeClass getBrowser" time="0.0" classname="com.nbcd.GenericLib.GetWebDriverInstance">
    <skipped/>
  </testcase> <!-- @BeforeClass getBrowser -->
  <testcase name="@BeforeClass getBrowserType" time="0.0" classname="com.nbcd.GenericLib.Extent_Reports">
    <skipped/>
  </testcase> <!-- @BeforeClass getBrowserType -->
  <testcase name="@BeforeClass getBrowser" time="0.0" classname="com.nbcd.GenericLib.GetWebDriverInstance">
    <skipped/>
  </testcase> <!-- @BeforeClass getBrowser -->
  <testcase name="@BeforeMethod beforeMethod" time="0.0" classname="com.nbcd.GenericLib.Extent_Reports">
    <skipped/>
  </testcase> <!-- @BeforeMethod beforeMethod -->
  <testcase name="@BeforeMethod beforeMethod" time="0.0" classname="com.nbcd.GenericLib.Extent_Reports">
    <skipped/>
  </testcase> <!-- @BeforeMethod beforeMethod -->
  <testcase name="@BeforeClass getBrowser" time="0.0" classname="com.nbcd.GenericLib.GetWebDriverInstance">
    <skipped/>
  </testcase> <!-- @BeforeClass getBrowser -->
  <testcase name="@BeforeMethod beforeMethod" time="0.0" classname="com.nbcd.GenericLib.Extent_Reports">
    <skipped/>
  </testcase> <!-- @BeforeMethod beforeMethod -->
  <testcase name="@BeforeClass getBrowserType" time="0.0" classname="com.nbcd.GenericLib.Extent_Reports">
    <skipped/>
  </testcase> <!-- @BeforeClass getBrowserType -->
  <testcase name="@BeforeClass getBrowser" time="0.0" classname="com.nbcd.GenericLib.GetWebDriverInstance">
    <skipped/>
  </testcase> <!-- @BeforeClass getBrowser -->
  <testcase name="@BeforeMethod beforeMethod" time="0.0" classname="com.nbcd.GenericLib.Extent_Reports">
    <skipped/>
  </testcase> <!-- @BeforeMethod beforeMethod -->
  <testcase name="@BeforeClass getBrowserType" time="0.0" classname="com.nbcd.GenericLib.Extent_Reports">
    <skipped/>
  </testcase> <!-- @BeforeClass getBrowserType -->
  <testcase name="@BeforeClass getBrowserType" time="0.0" classname="com.nbcd.GenericLib.Extent_Reports">
    <skipped/>
  </testcase> <!-- @BeforeClass getBrowserType -->
  <testcase name="@BeforeClass getBrowserType" time="0.0" classname="com.nbcd.GenericLib.Extent_Reports">
    <skipped/>
  </testcase> <!-- @BeforeClass getBrowserType -->
  <testcase name="@BeforeClass getBrowser" time="0.0" classname="com.nbcd.GenericLib.GetWebDriverInstance">
    <skipped/>
  </testcase> <!-- @BeforeClass getBrowser -->
  <testcase name="@BeforeMethod beforeMethod" time="0.0" classname="com.nbcd.GenericLib.Extent_Reports">
    <skipped/>
  </testcase> <!-- @BeforeMethod beforeMethod -->
  <testcase name="@BeforeClass getBrowser" time="0.0" classname="com.nbcd.GenericLib.GetWebDriverInstance">
    <skipped/>
  </testcase> <!-- @BeforeClass getBrowser -->
  <testcase name="@BeforeClass getBrowser" time="0.0" classname="com.nbcd.GenericLib.GetWebDriverInstance">
    <skipped/>
  </testcase> <!-- @BeforeClass getBrowser -->
  <testcase name="@BeforeClass getBrowserType" time="0.0" classname="com.nbcd.GenericLib.Extent_Reports">
    <skipped/>
  </testcase> <!-- @BeforeClass getBrowserType -->
  <testcase name="@BeforeClass getBrowser" time="0.0" classname="com.nbcd.GenericLib.GetWebDriverInstance">
    <skipped/>
  </testcase> <!-- @BeforeClass getBrowser -->
  <testcase name="@BeforeMethod beforeMethod" time="0.0" classname="com.nbcd.GenericLib.Extent_Reports">
    <skipped/>
  </testcase> <!-- @BeforeMethod beforeMethod -->
  <testcase name="@BeforeMethod beforeMethod" time="0.0" classname="com.nbcd.GenericLib.Extent_Reports">
    <skipped/>
  </testcase> <!-- @BeforeMethod beforeMethod -->
  <testcase name="@BeforeMethod beforeMethod" time="0.0" classname="com.nbcd.GenericLib.Extent_Reports">
    <skipped/>
  </testcase> <!-- @BeforeMethod beforeMethod -->
  <testcase name="@BeforeClass getBrowserType" time="0.0" classname="com.nbcd.GenericLib.Extent_Reports">
    <skipped/>
  </testcase> <!-- @BeforeClass getBrowserType -->
  <testcase name="@BeforeClass getBrowserType" time="0.0" classname="com.nbcd.GenericLib.Extent_Reports">
    <skipped/>
  </testcase> <!-- @BeforeClass getBrowserType -->
  <testcase name="@BeforeClass getBrowser" time="0.0" classname="com.nbcd.GenericLib.GetWebDriverInstance">
    <skipped/>
  </testcase> <!-- @BeforeClass getBrowser -->
  <testcase name="@BeforeClass getBrowserType" time="0.0" classname="com.nbcd.GenericLib.Extent_Reports">
    <skipped/>
  </testcase> <!-- @BeforeClass getBrowserType -->
  <testcase name="@BeforeMethod beforeMethod" time="0.0" classname="com.nbcd.GenericLib.Extent_Reports">
    <skipped/>
  </testcase> <!-- @BeforeMethod beforeMethod -->
  <testcase name="@BeforeClass getBrowser" time="0.0" classname="com.nbcd.GenericLib.GetWebDriverInstance">
    <skipped/>
  </testcase> <!-- @BeforeClass getBrowser -->
  <testcase name="@BeforeClass getBrowser" time="0.0" classname="com.nbcd.GenericLib.GetWebDriverInstance">
    <skipped/>
  </testcase> <!-- @BeforeClass getBrowser -->
  <testcase name="@BeforeMethod beforeMethod" time="0.0" classname="com.nbcd.GenericLib.Extent_Reports">
    <skipped/>
  </testcase> <!-- @BeforeMethod beforeMethod -->
  <testcase name="@BeforeClass getBrowserType" time="0.0" classname="com.nbcd.GenericLib.Extent_Reports">
    <skipped/>
  </testcase> <!-- @BeforeClass getBrowserType -->
  <testcase name="@BeforeMethod beforeMethod" time="0.0" classname="com.nbcd.GenericLib.Extent_Reports">
    <skipped/>
  </testcase> <!-- @BeforeMethod beforeMethod -->
  <testcase name="@BeforeClass getBrowserType" time="0.0" classname="com.nbcd.GenericLib.Extent_Reports">
    <skipped/>
  </testcase> <!-- @BeforeClass getBrowserType -->
  <testcase name="@BeforeClass getBrowser" time="0.0" classname="com.nbcd.GenericLib.GetWebDriverInstance">
    <skipped/>
  </testcase> <!-- @BeforeClass getBrowser -->
  <testcase name="@BeforeMethod beforeMethod" time="0.0" classname="com.nbcd.GenericLib.Extent_Reports">
    <skipped/>
  </testcase> <!-- @BeforeMethod beforeMethod -->
  <testcase name="@BeforeClass getBrowser" time="0.0" classname="com.nbcd.GenericLib.GetWebDriverInstance">
    <skipped/>
  </testcase> <!-- @BeforeClass getBrowser -->
  <testcase name="@BeforeClass getBrowserType" time="0.0" classname="com.nbcd.GenericLib.Extent_Reports">
    <skipped/>
  </testcase> <!-- @BeforeClass getBrowserType -->
  <testcase name="@BeforeClass getBrowserType" time="0.0" classname="com.nbcd.GenericLib.Extent_Reports">
    <skipped/>
  </testcase> <!-- @BeforeClass getBrowserType -->
  <testcase name="@BeforeMethod beforeMethod" time="0.0" classname="com.nbcd.GenericLib.Extent_Reports">
    <skipped/>
  </testcase> <!-- @BeforeMethod beforeMethod -->
  <testcase name="@BeforeClass getBrowser" time="0.0" classname="com.nbcd.GenericLib.GetWebDriverInstance">
    <skipped/>
  </testcase> <!-- @BeforeClass getBrowser -->
  <testcase name="@BeforeClass getBrowser" time="0.0" classname="com.nbcd.GenericLib.GetWebDriverInstance">
    <skipped/>
  </testcase> <!-- @BeforeClass getBrowser -->
  <testcase name="@BeforeMethod beforeMethod" time="0.0" classname="com.nbcd.GenericLib.Extent_Reports">
    <skipped/>
  </testcase> <!-- @BeforeMethod beforeMethod -->
  <testcase name="@BeforeMethod beforeMethod" time="0.0" classname="com.nbcd.GenericLib.Extent_Reports">
    <skipped/>
  </testcase> <!-- @BeforeMethod beforeMethod -->
  <testcase name="@BeforeClass getBrowserType" time="0.0" classname="com.nbcd.GenericLib.Extent_Reports">
    <skipped/>
  </testcase> <!-- @BeforeClass getBrowserType -->
  <testcase name="@BeforeClass getBrowser" time="0.0" classname="com.nbcd.GenericLib.GetWebDriverInstance">
    <skipped/>
  </testcase> <!-- @BeforeClass getBrowser -->
  <testcase name="@BeforeClass getBrowserType" time="0.0" classname="com.nbcd.GenericLib.Extent_Reports">
    <skipped/>
  </testcase> <!-- @BeforeClass getBrowserType -->
  <testcase name="@BeforeMethod beforeMethod" time="0.0" classname="com.nbcd.GenericLib.Extent_Reports">
    <skipped/>
  </testcase> <!-- @BeforeMethod beforeMethod -->
  <testcase name="@BeforeClass getBrowserType" time="0.0" classname="com.nbcd.GenericLib.Extent_Reports">
    <skipped/>
  </testcase> <!-- @BeforeClass getBrowserType -->
  <testcase name="@BeforeClass getBrowser" time="0.0" classname="com.nbcd.GenericLib.GetWebDriverInstance">
    <skipped/>
  </testcase> <!-- @BeforeClass getBrowser -->
  <testcase name="@BeforeClass getBrowser" time="0.0" classname="com.nbcd.GenericLib.GetWebDriverInstance">
    <skipped/>
  </testcase> <!-- @BeforeClass getBrowser -->
  <testcase name="@BeforeMethod beforeMethod" time="0.0" classname="com.nbcd.GenericLib.Extent_Reports">
    <skipped/>
  </testcase> <!-- @BeforeMethod beforeMethod -->
  <testcase name="@BeforeClass getBrowserType" time="0.0" classname="com.nbcd.GenericLib.Extent_Reports">
    <skipped/>
  </testcase> <!-- @BeforeClass getBrowserType -->
  <testcase name="@BeforeClass getBrowserType" time="0.0" classname="com.nbcd.GenericLib.Extent_Reports">
    <skipped/>
  </testcase> <!-- @BeforeClass getBrowserType -->
  <testcase name="@BeforeClass getBrowser" time="0.0" classname="com.nbcd.GenericLib.GetWebDriverInstance">
    <skipped/>
  </testcase> <!-- @BeforeClass getBrowser -->
  <testcase name="@BeforeClass getBrowserType" time="0.0" classname="com.nbcd.GenericLib.Extent_Reports">
    <skipped/>
  </testcase> <!-- @BeforeClass getBrowserType -->
  <testcase name="@BeforeClass getBrowser" time="0.0" classname="com.nbcd.GenericLib.GetWebDriverInstance">
    <skipped/>
  </testcase> <!-- @BeforeClass getBrowser -->
  <testcase name="@BeforeClass getBrowser" time="0.0" classname="com.nbcd.GenericLib.GetWebDriverInstance">
    <skipped/>
  </testcase> <!-- @BeforeClass getBrowser -->
  <testcase name="@BeforeMethod beforeMethod" time="0.0" classname="com.nbcd.GenericLib.Extent_Reports">
    <skipped/>
  </testcase> <!-- @BeforeMethod beforeMethod -->
  <testcase name="@BeforeMethod beforeMethod" time="0.0" classname="com.nbcd.GenericLib.Extent_Reports">
    <skipped/>
  </testcase> <!-- @BeforeMethod beforeMethod -->
  <testcase name="@BeforeClass getBrowserType" time="0.0" classname="com.nbcd.GenericLib.Extent_Reports">
    <skipped/>
  </testcase> <!-- @BeforeClass getBrowserType -->
  <testcase name="@BeforeClass getBrowser" time="0.0" classname="com.nbcd.GenericLib.GetWebDriverInstance">
    <skipped/>
  </testcase> <!-- @BeforeClass getBrowser -->
  <testcase name="@BeforeClass getBrowserType" time="0.0" classname="com.nbcd.GenericLib.Extent_Reports">
    <skipped/>
  </testcase> <!-- @BeforeClass getBrowserType -->
  <testcase name="@BeforeClass getBrowser" time="0.0" classname="com.nbcd.GenericLib.GetWebDriverInstance">
    <skipped/>
  </testcase> <!-- @BeforeClass getBrowser -->
  <testcase name="@BeforeMethod beforeMethod" time="0.0" classname="com.nbcd.GenericLib.Extent_Reports">
    <skipped/>
  </testcase> <!-- @BeforeMethod beforeMethod -->
  <testcase name="@BeforeMethod beforeMethod" time="0.0" classname="com.nbcd.GenericLib.Extent_Reports">
    <skipped/>
  </testcase> <!-- @BeforeMethod beforeMethod -->
  <testcase name="@BeforeClass getBrowserType" time="0.0" classname="com.nbcd.GenericLib.Extent_Reports">
    <skipped/>
  </testcase> <!-- @BeforeClass getBrowserType -->
  <testcase name="@BeforeClass getBrowserType" time="0.0" classname="com.nbcd.GenericLib.Extent_Reports">
    <skipped/>
  </testcase> <!-- @BeforeClass getBrowserType -->
  <testcase name="@BeforeClass getBrowser" time="0.0" classname="com.nbcd.GenericLib.GetWebDriverInstance">
    <skipped/>
  </testcase> <!-- @BeforeClass getBrowser -->
  <testcase name="@BeforeClass getBrowser" time="0.0" classname="com.nbcd.GenericLib.GetWebDriverInstance">
    <skipped/>
  </testcase> <!-- @BeforeClass getBrowser -->
  <testcase name="@BeforeClass getBrowserType" time="0.0" classname="com.nbcd.GenericLib.Extent_Reports">
    <skipped/>
  </testcase> <!-- @BeforeClass getBrowserType -->
  <testcase name="@BeforeClass getBrowser" time="0.0" classname="com.nbcd.GenericLib.GetWebDriverInstance">
    <skipped/>
  </testcase> <!-- @BeforeClass getBrowser -->
  <testcase name="@BeforeMethod beforeMethod" time="0.0" classname="com.nbcd.GenericLib.Extent_Reports">
    <skipped/>
  </testcase> <!-- @BeforeMethod beforeMethod -->
  <testcase name="@BeforeMethod beforeMethod" time="0.0" classname="com.nbcd.GenericLib.Extent_Reports">
    <skipped/>
  </testcase> <!-- @BeforeMethod beforeMethod -->
  <testcase name="@BeforeClass getBrowserType" time="0.0" classname="com.nbcd.GenericLib.Extent_Reports">
    <skipped/>
  </testcase> <!-- @BeforeClass getBrowserType -->
  <testcase name="@BeforeClass getBrowser" time="0.0" classname="com.nbcd.GenericLib.GetWebDriverInstance">
    <skipped/>
  </testcase> <!-- @BeforeClass getBrowser -->
  <testcase name="@BeforeClass getBrowserType" time="0.0" classname="com.nbcd.GenericLib.Extent_Reports">
    <skipped/>
  </testcase> <!-- @BeforeClass getBrowserType -->
  <testcase name="@BeforeMethod beforeMethod" time="0.0" classname="com.nbcd.GenericLib.Extent_Reports">
    <skipped/>
  </testcase> <!-- @BeforeMethod beforeMethod -->
  <testcase name="@BeforeClass getBrowser" time="0.0" classname="com.nbcd.GenericLib.GetWebDriverInstance">
    <skipped/>
  </testcase> <!-- @BeforeClass getBrowser -->
  <testcase name="@BeforeClass getBrowserType" time="0.0" classname="com.nbcd.GenericLib.Extent_Reports">
    <skipped/>
  </testcase> <!-- @BeforeClass getBrowserType -->
  <testcase name="@BeforeClass getBrowserType" time="0.0" classname="com.nbcd.GenericLib.Extent_Reports">
    <skipped/>
  </testcase> <!-- @BeforeClass getBrowserType -->
  <testcase name="@BeforeClass getBrowser" time="0.0" classname="com.nbcd.GenericLib.GetWebDriverInstance">
    <skipped/>
  </testcase> <!-- @BeforeClass getBrowser -->
  <testcase name="@BeforeClass getBrowser" time="0.0" classname="com.nbcd.GenericLib.GetWebDriverInstance">
    <skipped/>
  </testcase> <!-- @BeforeClass getBrowser -->
  <testcase name="@BeforeMethod beforeMethod" time="0.0" classname="com.nbcd.GenericLib.Extent_Reports">
    <skipped/>
  </testcase> <!-- @BeforeMethod beforeMethod -->
  <testcase name="@BeforeMethod beforeMethod" time="0.0" classname="com.nbcd.GenericLib.Extent_Reports">
    <skipped/>
  </testcase> <!-- @BeforeMethod beforeMethod -->
  <testcase name="@BeforeMethod beforeMethod" time="0.0" classname="com.nbcd.GenericLib.Extent_Reports">
    <skipped/>
  </testcase> <!-- @BeforeMethod beforeMethod -->
  <testcase name="@BeforeClass getBrowserType" time="0.0" classname="com.nbcd.GenericLib.Extent_Reports">
    <skipped/>
  </testcase> <!-- @BeforeClass getBrowserType -->
  <testcase name="@BeforeClass getBrowser" time="0.0" classname="com.nbcd.GenericLib.GetWebDriverInstance">
    <skipped/>
  </testcase> <!-- @BeforeClass getBrowser -->
  <testcase name="@BeforeMethod beforeMethod" time="0.0" classname="com.nbcd.GenericLib.Extent_Reports">
    <skipped/>
  </testcase> <!-- @BeforeMethod beforeMethod -->
  <testcase name="@BeforeClass getBrowserType" time="0.0" classname="com.nbcd.GenericLib.Extent_Reports">
    <skipped/>
  </testcase> <!-- @BeforeClass getBrowserType -->
  <testcase name="@BeforeClass getBrowserType" time="0.0" classname="com.nbcd.GenericLib.Extent_Reports">
    <skipped/>
  </testcase> <!-- @BeforeClass getBrowserType -->
  <testcase name="@BeforeClass getBrowser" time="0.0" classname="com.nbcd.GenericLib.GetWebDriverInstance">
    <skipped/>
  </testcase> <!-- @BeforeClass getBrowser -->
  <testcase name="@BeforeMethod beforeMethod" time="0.0" classname="com.nbcd.GenericLib.Extent_Reports">
    <skipped/>
  </testcase> <!-- @BeforeMethod beforeMethod -->
  <testcase name="@BeforeClass getBrowserType" time="0.0" classname="com.nbcd.GenericLib.Extent_Reports">
    <skipped/>
  </testcase> <!-- @BeforeClass getBrowserType -->
  <testcase name="@BeforeClass getBrowser" time="0.0" classname="com.nbcd.GenericLib.GetWebDriverInstance">
    <skipped/>
  </testcase> <!-- @BeforeClass getBrowser -->
  <testcase name="@BeforeClass getBrowserType" time="0.0" classname="com.nbcd.GenericLib.Extent_Reports">
    <skipped/>
  </testcase> <!-- @BeforeClass getBrowserType -->
  <testcase name="@BeforeClass getBrowser" time="0.0" classname="com.nbcd.GenericLib.GetWebDriverInstance">
    <skipped/>
  </testcase> <!-- @BeforeClass getBrowser -->
  <testcase name="@BeforeMethod beforeMethod" time="0.0" classname="com.nbcd.GenericLib.Extent_Reports">
    <skipped/>
  </testcase> <!-- @BeforeMethod beforeMethod -->
  <testcase name="@BeforeClass getBrowserType" time="0.0" classname="com.nbcd.GenericLib.Extent_Reports">
    <skipped/>
  </testcase> <!-- @BeforeClass getBrowserType -->
  <testcase name="@BeforeClass getBrowser" time="0.0" classname="com.nbcd.GenericLib.GetWebDriverInstance">
    <skipped/>
  </testcase> <!-- @BeforeClass getBrowser -->
  <testcase name="@BeforeClass getBrowser" time="0.0" classname="com.nbcd.GenericLib.GetWebDriverInstance">
    <skipped/>
  </testcase> <!-- @BeforeClass getBrowser -->
  <testcase name="@BeforeMethod beforeMethod" time="0.0" classname="com.nbcd.GenericLib.Extent_Reports">
    <skipped/>
  </testcase> <!-- @BeforeMethod beforeMethod -->
  <testcase name="@BeforeMethod beforeMethod" time="0.0" classname="com.nbcd.GenericLib.Extent_Reports">
    <skipped/>
  </testcase> <!-- @BeforeMethod beforeMethod -->
  <testcase name="@BeforeClass getBrowserType" time="0.0" classname="com.nbcd.GenericLib.Extent_Reports">
    <skipped/>
  </testcase> <!-- @BeforeClass getBrowserType -->
  <testcase name="@BeforeClass getBrowser" time="0.0" classname="com.nbcd.GenericLib.GetWebDriverInstance">
    <skipped/>
  </testcase> <!-- @BeforeClass getBrowser -->
  <testcase name="@BeforeMethod beforeMethod" time="0.0" classname="com.nbcd.GenericLib.Extent_Reports">
    <skipped/>
  </testcase> <!-- @BeforeMethod beforeMethod -->
  <testcase name="@BeforeClass getBrowserType" time="0.0" classname="com.nbcd.GenericLib.Extent_Reports">
    <skipped/>
  </testcase> <!-- @BeforeClass getBrowserType -->
  <testcase name="@BeforeMethod beforeMethod" time="0.0" classname="com.nbcd.GenericLib.Extent_Reports">
    <skipped/>
  </testcase> <!-- @BeforeMethod beforeMethod -->
  <testcase name="@BeforeClass getBrowser" time="0.0" classname="com.nbcd.GenericLib.GetWebDriverInstance">
    <skipped/>
  </testcase> <!-- @BeforeClass getBrowser -->
  <testcase name="@BeforeClass getBrowserType" time="0.0" classname="com.nbcd.GenericLib.Extent_Reports">
    <skipped/>
  </testcase> <!-- @BeforeClass getBrowserType -->
  <testcase name="@BeforeClass getBrowser" time="0.0" classname="com.nbcd.GenericLib.GetWebDriverInstance">
    <skipped/>
  </testcase> <!-- @BeforeClass getBrowser -->
  <testcase name="@BeforeMethod beforeMethod" time="0.0" classname="com.nbcd.GenericLib.Extent_Reports">
    <skipped/>
  </testcase> <!-- @BeforeMethod beforeMethod -->
  <testcase name="@AfterTest endReport" time="0.0" classname="com.nbcd.GenericLib.Extent_Reports">
    <skipped/>
  </testcase> <!-- @AfterTest endReport -->
  <testcase name="TwitterTags" time="0.0" classname="com.nbcd.Test.TCShowHomePage_043VerifyTwitterTags">
    <skipped/>
  </testcase> <!-- TwitterTags -->
  <testcase name="metaTags" time="0.0" classname="com.nbcd.Test.TCShowHomePage_VerifymetaTags">
    <skipped/>
  </testcase> <!-- metaTags -->
  <testcase name="VerifyFilter" time="0.0" classname="com.nbcd.Test.TCShowHomePage_Verify_Filter">
    <skipped/>
  </testcase> <!-- VerifyFilter -->
  <testcase name="Verify_Show_Name" time="0.0" classname="com.nbcd.Test.TCShowHomePage_Verify_Show_Name">
    <skipped/>
  </testcase> <!-- Verify_Show_Name -->
  <testcase name="Verify_Dynamic_Lead_Slide" time="0.0" classname="com.nbcd.Test.TCShowHomePage_Verify_Dynamic_Lead_Slide">
    <skipped/>
  </testcase> <!-- Verify_Dynamic_Lead_Slide -->
  <testcase name="Verify_Display_Ad" time="0.0" classname="com.nbcd.Test.TCShowHomePage_VerifyThe300x250_Display_Ad">
    <skipped/>
  </testcase> <!-- Verify_Display_Ad -->
  <testcase name="Verify_About_The_Show" time="0.0" classname="com.nbcd.Test.TCShowHomePage_Verify_About_The_Show">
    <skipped/>
  </testcase> <!-- Verify_About_The_Show -->
  <testcase name="FB_SNLTags" time="0.0" classname="com.nbcd.Test.TCShowHomePage_043VerifyFaceBook_SNLTags">
    <skipped/>
  </testcase> <!-- FB_SNLTags -->
  <testcase name="Verify_Latest_Clips_Section" time="0.0" classname="com.nbcd.Test.TCShowHomePage_Verify_Latest_Clips_Section">
    <skipped/>
  </testcase> <!-- Verify_Latest_Clips_Section -->
  <testcase name="Verify_full_Episode_section" time="0.0" classname="com.nbcd.Test.TCShowHomePage_Verify_full_Episode_section">
    <skipped/>
  </testcase> <!-- Verify_full_Episode_section -->
  <testcase name="Verify_300_250_Display_Ad" time="0.0" classname="com.nbcd.Test.TCShowHomePage_Verify_300_250_Display_Ad">
    <skipped/>
  </testcase> <!-- Verify_300_250_Display_Ad -->
  <testcase name="Verify_Ad_Banner" time="0.0" classname="com.nbcd.Test.TCShowHomePage_Verify_Ad_Banner">
    <skipped/>
  </testcase> <!-- Verify_Ad_Banner -->
  <testcase name="Verify_Description_Canonical" time="0.0" classname="com.nbcd.Test.TCShowHomePage_Verify_Description_Canonical">
    <failure type="org.testng.TestNGException" message="
Cannot inject @Test annotated Method [Verify_Description_Canonical] with [class java.lang.String].
For more information on native dependency injection please refer to http://testng.org/doc/documentation-main.html#native-dependency-injection">
      <![CDATA[org.testng.TestNGException: 
Cannot inject @Test annotated Method [Verify_Description_Canonical] with [class java.lang.String].
For more information on native dependency injection please refer to http://testng.org/doc/documentation-main.html#native-dependency-injection
	at java.util.concurrent.ThreadPoolExecutor.runWorker(ThreadPoolExecutor.java:1142)
	at java.util.concurrent.ThreadPoolExecutor$Worker.run(ThreadPoolExecutor.java:617)
	at java.lang.Thread.run(Thread.java:745)
... Removed 9 stack frames]]>
    </failure>
  </testcase> <!-- Verify_Description_Canonical -->
  <testcase name="Verify_About_Section" time="0.0" classname="com.nbcd.Test.TCShowHomePage_Verify_About_Section">
    <skipped/>
  </testcase> <!-- Verify_About_Section -->
  <testcase name="VerifySEOmetatags" time="0.0" classname="com.nbcd.Test.TCSchedulePage_VerifySEO">
    <skipped/>
  </testcase> <!-- VerifySEOmetatags -->
  <testcase name="VerifyWatchLiveShow" time="0.0" classname="com.nbcd.Test.TCSchedulePage_Verify_Watch_Live_Now">
    <skipped/>
  </testcase> <!-- VerifyWatchLiveShow -->
  <testcase name="Verify_Add_Guest_Schedule" time="0.0" classname="com.nbcd.Test.TCShowHomePage_Verify_Add_Guest_Schedule">
    <skipped/>
  </testcase> <!-- Verify_Add_Guest_Schedule -->
  <testcase name="SchedulePage_Verify_Show_NameLink" time="0.0" classname="com.nbcd.Test.TCSchedulePage_Verify_Show_Name_Link">
    <skipped/>
  </testcase> <!-- SchedulePage_Verify_Show_NameLink -->
  <testcase name="Verify_visitSiteLink" time="0.0" classname="com.nbcd.Test.TCSchedulePage_Verify_visitSiteLink">
    <skipped/>
  </testcase> <!-- Verify_visitSiteLink -->
  <testcase name="TCSchedulePage_VerifySchedulePageTimeline" time="0.0" classname="com.nbcd.Test.TCSchedulePage_Verify_SchedulePage_Timeline">
    <skipped/>
  </testcase> <!-- TCSchedulePage_VerifySchedulePageTimeline -->
  <testcase name="TCSchedulePage_Verify_Schedule_Section_Page" time="0.0" classname="com.nbcd.Test.TCSchedulePage_Verify_Schedule_Section">
    <skipped/>
  </testcase> <!-- TCSchedulePage_Verify_Schedule_Section_Page -->
  <testcase name="TCSchedulePage_Verify_Schedule_PageTitile" time="0.0" classname="com.nbcd.Test.TCSchedulePage_Verify_Schedule_Page_Titile">
    <skipped/>
  </testcase> <!-- TCSchedulePage_Verify_Schedule_PageTitile -->
  <testcase name="Verify_Responsive_Navigation_Bar" time="0.0" classname="com.nbcd.Test.TCShowHomePage_Verify_Responsive_Navigation_Bar">
    <skipped/>
  </testcase> <!-- Verify_Responsive_Navigation_Bar -->
  <testcase name="TCSchedulePage_Verify_Schedule_Page_AppendUrl" time="0.0" classname="com.nbcd.Test.TCSchedulePage_Verify_Schedule_Page_Append_Url">
    <skipped/>
  </testcase> <!-- TCSchedulePage_Verify_Schedule_Page_AppendUrl -->
  <testcase name="TCSchedulePage_Verify_Schedule_HeaderNavigation" time="0.0" classname="com.nbcd.Test.TCSchedulePage_Verify_Schedule_Header_Navigation">
    <skipped/>
  </testcase> <!-- TCSchedulePage_Verify_Schedule_HeaderNavigation -->
  <testcase name="TCSchedulePage_Verify_Schedule_WhatsOnPage" time="0.0" classname="com.nbcd.Test.TCSchedulePage_Verify_Schedule_Whats_On_Page">
    <skipped/>
  </testcase> <!-- TCSchedulePage_Verify_Schedule_WhatsOnPage -->
  <testcase name="TCSchedulePage_Verify_Schedule_Page_Watch_LiveShow" time="0.0" classname="com.nbcd.Test.TCSchedulePage_Verify_Schedule_Page_Watch_Live_Show">
    <skipped/>
  </testcase> <!-- TCSchedulePage_Verify_Schedule_Page_Watch_LiveShow -->
  <testcase name="TCSchedulePage_Verify_Schedule_Loading_DataforDay" time="0.0" classname="com.nbcd.Test.TCSchedulePage_Verify_Schedule_Loading_Data_for_Day">
    <skipped/>
  </testcase> <!-- TCSchedulePage_Verify_Schedule_Loading_DataforDay -->
  <testcase name="TCAllVideosPage_redirectrules" time="0.0" classname="com.nbcd.Test.TCAllVideosPage_redirect_rules">
    <skipped/>
  </testcase> <!-- TCAllVideosPage_redirectrules -->
  <testcase name="TCAllVideosPage_MetadataEnhancements" time="0.0" classname="com.nbcd.Test.TCAllVideosPage_Metadata_Enhancements">
    <skipped/>
  </testcase> <!-- TCAllVideosPage_MetadataEnhancements -->
  <testcase name="TCAllVideosPage_video_detailpage" time="0.0" classname="com.nbcd.Test.TCAllVideosPage_video_detail_page">
    <skipped/>
  </testcase> <!-- TCAllVideosPage_video_detailpage -->
  <testcase name="TCAllVideosPage_EpisodesSorted" time="0.0" classname="com.nbcd.Test.TCAllVideosPage_Episodes_Sorted">
    <skipped/>
  </testcase> <!-- TCAllVideosPage_EpisodesSorted -->
  <testcase name="TCAllVideosPage_video_Landing_Page" time="0.0" classname="com.nbcd.Test.TCAllVideosPage_All_Videos_Landing_Page">
    <skipped/>
  </testcase> <!-- TCAllVideosPage_video_Landing_Page -->
  <testcase name="TCAllVideosPage_metatag" time="0.0" classname="com.nbcd.Test.TCAllVideosPage_Meta_tag">
    <skipped/>
  </testcase> <!-- TCAllVideosPage_metatag -->
  <testcase name="TCCreditLandingPage_Verify_Credit_Role_Character" time="0.0" classname="com.nbcd.Test.TCCreditLandingPage_Verify_Credit_Role_As_Character">
    <skipped/>
  </testcase> <!-- TCCreditLandingPage_Verify_Credit_Role_Character -->
  <testcase name="TCCreditLandingPage_Verify_Credit_Role_Contestant" time="0.0" classname="com.nbcd.Test.TCCreditLandingPage_Verify_Credit_Role_As_Contestant">
    <skipped/>
  </testcase> <!-- TCCreditLandingPage_Verify_Credit_Role_Contestant -->
  <testcase name="TCCreditLandingPage_Verify_Credit_Role_Coach" time="0.0" classname="com.nbcd.Test.TCCreditLandingPage_Verify_Credit_Role_As_Coach">
    <skipped/>
  </testcase> <!-- TCCreditLandingPage_Verify_Credit_Role_Coach -->
  <testcase name="TCCreditDetailsPage_Verify_Credit_As_Character" time="0.0" classname="com.nbcd.Test.TCCreditDetailsPage_Verify_Credit_Role_As_Character">
    <skipped/>
  </testcase> <!-- TCCreditDetailsPage_Verify_Credit_As_Character -->
  <testcase name="VerifyGeneralBehaviour" time="0.0" classname="com.nbcd.Test.TCSearch_VerifyGeneralBehaviour">
    <skipped/>
  </testcase> <!-- VerifyGeneralBehaviour -->
  <testcase name="VerifyErrMsgInvalidEmailId" time="0.0" classname="com.nbcd.Test.TCContactUsPage">
    <skipped/>
  </testcase> <!-- VerifyErrMsgInvalidEmailId -->
  <testcase name="TCCreditDetailsPage_Verify_Credit_Role_Everyone" time="0.0" classname="com.nbcd.Test.TCCreditDetailsPage_Verify_Credit_Role_As_Everyone">
    <skipped/>
  </testcase> <!-- TCCreditDetailsPage_Verify_Credit_Role_Everyone -->
  <testcase name="VerifyPhotoDetails_Page" time="0.0" classname="com.nbcd.Test.TCPhotoDetailsPage">
    <skipped/>
  </testcase> <!-- VerifyPhotoDetails_Page -->
  <testcase name="VerifyGeneralAbilities" time="0.0" classname="com.nbcd.Test.TCSearchPageAbilities">
    <skipped/>
  </testcase> <!-- VerifyGeneralAbilities -->
  <testcase name="VerifySearchResults" time="0.0" classname="com.nbcd.Test.TCSearch_VerifySearchResults">
    <skipped/>
  </testcase> <!-- VerifySearchResults -->
  <testcase name="CreateContactUsRequest" time="0.0" classname="com.nbcd.Test.TCContactUsCreateRequest">
    <skipped/>
  </testcase> <!-- CreateContactUsRequest -->
  <testcase name="CreateContactUsRequestIhaveFeedback" time="0.0" classname="com.nbcd.Test.TCCreateContactUsRequestIhaveFeedback">
    <skipped/>
  </testcase> <!-- CreateContactUsRequestIhaveFeedback -->
  <testcase name="VerifySelectTopicListItems" time="0.0" classname="com.nbcd.Test.TCContactVerifySelectTopicListItems">
    <skipped/>
  </testcase> <!-- VerifySelectTopicListItems -->
  <testcase name="VerifyAllShowPageThrowback" time="0.0" classname="com.nbcd.Test.TCPGAllShowsPage_VerifyAllShowPageThrowback">
    <skipped/>
  </testcase> <!-- VerifyAllShowPageThrowback -->
  <testcase name="MenuDetails" time="0.0" classname="com.nbcd.Test.TCPGLivePage_VerifyLivestreampageSupportedregion">
    <skipped/>
  </testcase> <!-- MenuDetails -->
  <testcase name="VerifyAllShowPageFunctionality" time="0.0" classname="com.nbcd.Test.TCPGAllShowsPage_VerifyAllShowPageFunctionality">
    <skipped/>
  </testcase> <!-- VerifyAllShowPageFunctionality -->
  <testcase name="VerifyAuthFrameDetails" time="0.0" classname="com.nbcd.Test.TCLivePage_VerifyAuthFrameDetails">
    <skipped/>
  </testcase> <!-- VerifyAuthFrameDetails -->
  <testcase name="VerifyAppsLandingPage" time="0.0" classname="com.nbcd.Test.TCAppsLandingPage_VerifyAppsLandingPage">
    <skipped/>
  </testcase> <!-- VerifyAppsLandingPage -->
  <testcase name="VerifyMVPDListPicker" time="0.0" classname="com.nbcd.Test.TCLivePage_VerifyMVPDListPicker">
    <skipped/>
  </testcase> <!-- VerifyMVPDListPicker -->
  <testcase name="VerifyAuthSuccessMsgMVPDNBCRESP_1754" time="0.0" classname="com.nbcd.Test.TCPGLivePage_VerifyAuthSuccessMsgMVPDNBCRESP_1754">
    <skipped/>
  </testcase> <!-- VerifyAuthSuccessMsgMVPDNBCRESP_1754 -->
  <testcase name="VerifyExternalPageAuthFlowMVPD" time="0.0" classname="com.nbcd.Test.TCLivePage_VerifyExternalPageAuthFlowMVPD">
    <skipped/>
  </testcase> <!-- VerifyExternalPageAuthFlowMVPD -->
  <testcase name="VerifyPostSuccessMsgFadeOut" time="0.0" classname="com.nbcd.Test.TCLivePage_VerifyPostSuccessMsgFadeOut">
    <skipped/>
  </testcase> <!-- VerifyPostSuccessMsgFadeOut -->
  <testcase name="VerifyNavigationLiveStreamNotAuthenticated" time="0.0" classname="com.nbcd.Test.TCLivePage_VerifyNavigationLiveStreamNotAuthenticated">
    <skipped/>
  </testcase> <!-- VerifyNavigationLiveStreamNotAuthenticated -->
  <testcase name="VerifyLiveStreamNavigationForLoggedUer" time="0.0" classname="com.nbcd.Test.TCLivePage_VerifyLiveStreamNavigationForLoggedUer">
    <skipped/>
  </testcase> <!-- VerifyLiveStreamNavigationForLoggedUer -->
  <testcase name="VerifyLiveStreamGeneralLayOut" time="0.0" classname="com.nbcd.Test.TCLivePage_VerifyLiveStreamGeneralLayOut">
    <skipped/>
  </testcase> <!-- VerifyLiveStreamGeneralLayOut -->
  <testcase name="VerifyAuthIFrameLayOutDirectTV" time="0.0" classname="com.nbcd.Test.TCLivePage_VerifyAuthIFrameLayOutDirectTV">
    <skipped/>
  </testcase> <!-- VerifyAuthIFrameLayOutDirectTV -->
  <testcase name="VerifyFullListViewLayOut" time="0.0" classname="com.nbcd.Test.TCLivePage_VerifyFullListViewLayOut">
    <skipped/>
  </testcase> <!-- VerifyFullListViewLayOut -->
  <testcase name="VerifyScrollSizeForVODPage" time="0.0" classname="com.nbcd.Test.TCLivePage_VerifyScrollSizeForVODPage">
    <skipped/>
  </testcase> <!-- VerifyScrollSizeForVODPage -->
  <testcase name="VerifyFullListViewLayOutVOD" time="0.0" classname="com.nbcd.Test.TCLivePage_VerifyFullListViewLayOutVOD">
    <skipped/>
  </testcase> <!-- VerifyFullListViewLayOutVOD -->
  <testcase name="VerifyOneResultEnterButton" time="0.0" classname="com.nbcd.Test.TCLivePage_VerifyOneResultEnterButton">
    <skipped/>
  </testcase> <!-- VerifyOneResultEnterButton -->
  <testcase name="VerifyInvalidAndValidData" time="0.0" classname="com.nbcd.Test.TCActivationPage_VerifyInvalidAndValidData">
    <skipped/>
  </testcase> <!-- VerifyInvalidAndValidData -->
  <testcase name="VerifyErrorMessageInvalidcode" time="0.0" classname="com.nbcd.Test.TCActivationPage_VerifyErrorMessageInvalidcode">
    <skipped/>
  </testcase> <!-- VerifyErrorMessageInvalidcode -->
  <testcase name="VerifyGeneralLayout" time="0.0" classname="com.nbcd.Test.TCActivationPage_VerifyGeneralLayout">
    <skipped/>
  </testcase> <!-- VerifyGeneralLayout -->
  <testcase name="VerifyURLPathingRoutingactivation" time="0.0" classname="com.nbcd.Test.TCActivationPage_VerifyURLPathingRoutingactivation">
    <skipped/>
  </testcase> <!-- VerifyURLPathingRoutingactivation -->
  <testcase name="VerifyVideoDetailPageOpened" time="0.0" classname="com.nbcd.Test.TCShowVideoDetailPage_VerifyVideoDetailPageOpened">
    <skipped/>
  </testcase> <!-- VerifyVideoDetailPageOpened -->
  <testcase name="VerifyMetatagsmartlink" time="0.0" classname="com.nbcd.Test.TCShowVideoDetailPage_VerifyMetatagsmartlink">
    <skipped/>
  </testcase> <!-- VerifyMetatagsmartlink -->
  <testcase name="VerifyVideosSeasonlistSorting" time="0.0" classname="com.nbcd.Test.TCShowVideoDetailPage_VerifyVideosSeasonlistSorting">
    <skipped/>
  </testcase> <!-- VerifyVideosSeasonlistSorting -->
  <testcase name="VerifySNLEpisode" time="0.0" classname="com.nbcd.Test.TCShowVideoDetailPage_VerifySNLEpisode">
    <skipped/>
  </testcase> <!-- VerifySNLEpisode -->
  <testcase name="VerifyEarliestairdatetolatestairdate" time="0.0" classname="com.nbcd.Test.TCShowVideoDetailPage_VerifyEarliestairdatetolatestairdate">
    <skipped/>
  </testcase> <!-- VerifyEarliestairdatetolatestairdate -->
  <testcase name="VerifyOGTagForURLVideoDetail" time="0.0" classname="com.nbcd.Test.TCShowVideoDetailPage_VerifyOGTagForURLVideoDetail">
    <skipped/>
  </testcase> <!-- VerifyOGTagForURLVideoDetail -->
  <testcase name="VerifyAppearingSectionVideo" time="0.0" classname="com.nbcd.Test.TCShowVideoDetailPage_VerifyAppearingSectionVideo">
    <skipped/>
  </testcase> <!-- VerifyAppearingSectionVideo -->
  <testcase name="LoadButtonNextSixVideos" time="0.0" classname="com.nbcd.Test.TCShowVideoDetailPage_LoadButtonNextSixVideos">
    <skipped/>
  </testcase> <!-- LoadButtonNextSixVideos -->
  <testcase name="VerifyMetadataENoEpisodeClip" time="0.0" classname="com.nbcd.Test.TCShowVideoDetailPage_VerifyMetadataENoEpisodeClip">
    <skipped/>
  </testcase> <!-- VerifyMetadataENoEpisodeClip -->
  <testcase name="VerifyMetaDataCopyrightInfoDisplay" time="0.0" classname="com.nbcd.Test.TCShowVideoDetailPage_VerifyMetaDataCopyrightInfoDisplay">
    <skipped/>
  </testcase> <!-- VerifyMetaDataCopyrightInfoDisplay -->
  <testcase name="VerifyDisplayofShowsinAlphabeticalOrder" time="0.0" classname="com.nbcd.Test.TCShowVideoDetailPage_VerifyDisplayofShowsinAlphabeticalOrder">
    <skipped/>
  </testcase> <!-- VerifyDisplayofShowsinAlphabeticalOrder -->
  <testcase name="VerifySeasonsSortingforClassicVideos" time="0.0" classname="com.nbcd.Test.TCShowVideoDetailPage_VerifySeasonsSortingforClassicVideos">
    <skipped/>
  </testcase> <!-- VerifySeasonsSortingforClassicVideos -->
  <testcase name="VerifyAuthKeyIcon" time="0.0" classname="com.nbcd.Test.TCShowVideoDetailPage_VerifyAuthKeyIcon">
    <skipped/>
  </testcase> <!-- VerifyAuthKeyIcon -->
  <testcase name="VerifyMVPDLogo" time="0.0" classname="com.nbcd.Test.TCShowVideoDetailPage_VerifyMVPDLogo">
    <failure type="org.testng.TestNGException" message="
Cannot inject @Test annotated Method [VerifyMVPDLogo] with [class java.lang.String].
For more information on native dependency injection please refer to http://testng.org/doc/documentation-main.html#native-dependency-injection">
      <![CDATA[org.testng.TestNGException: 
Cannot inject @Test annotated Method [VerifyMVPDLogo] with [class java.lang.String].
For more information on native dependency injection please refer to http://testng.org/doc/documentation-main.html#native-dependency-injection
	at java.util.concurrent.ThreadPoolExecutor.runWorker(ThreadPoolExecutor.java:1142)
	at java.util.concurrent.ThreadPoolExecutor$Worker.run(ThreadPoolExecutor.java:617)
	at java.lang.Thread.run(Thread.java:745)
... Removed 9 stack frames]]>
    </failure>
  </testcase> <!-- VerifyMVPDLogo -->
  <testcase name="VerifySucessPage" time="0.0" classname="com.nbcd.Test.TCActivationPage_VerifySucessPage">
    <skipped/>
  </testcase> <!-- VerifySucessPage -->
  <testcase name="RespNavBar" time="0.0" classname="com.nbcd.Test.TCShowInnerEpisode_RespNavBar">
    <failure type="org.testng.TestNGException" message="
Cannot inject @Test annotated Method [RespNavBar] with [class java.lang.String].
[...]
Cannot inject @Test annotated Method [Seasonimagemeta] with [class java.lang.String].
For more information on native dependency injection please refer to http://testng.org/doc/documentation-main.html#native-dependency-injection">
      <![CDATA[org.testng.TestNGException: 
Cannot inject @Test annotated Method [Seasonimagemeta] with [class java.lang.String].
For more information on native dependency injection please refer to http://testng.org/doc/documentation-main.html#native-dependency-injection
	at java.util.concurrent.ThreadPoolExecutor.runWorker(ThreadPoolExecutor.java:1142)
	at java.util.concurrent.ThreadPoolExecutor$Worker.run(ThreadPoolExecutor.java:617)
	at java.lang.Thread.run(Thread.java:745)
... Removed 9 stack frames]]>
    </failure>
  </testcase> <!-- Seasonimagemeta -->
  <testcase name="applinks" time="0.0" classname="com.nbcd.Test.TCShowInnerEpisode_applinks">
    <skipped/>
  </testcase> <!-- applinks -->
  <testcase name="schemaorg" time="0.0" classname="com.nbcd.Test.TCShowInnerEpisode_schemaorgs">
    <skipped/>
  </testcase> <!-- schemaorg -->
  <testcase name="eptitledescan" time="0.0" classname="com.nbcd.Test.TCShowInnerEpisode_eptitledescan">
    <skipped/>
  </testcase> <!-- eptitledescan -->
  <testcase name="seo" time="0.0" classname="com.nbcd.Test.TCShowInnerEpisode_seo">
    <skipped/>
  </testcase> <!-- seo -->
  <testcase name="ehsf" time="0.0" classname="com.nbcd.Test.TCShowInnerEpisode_ehsf">
    <skipped/>
  </testcase> <!-- ehsf -->
  <testcase name="availablenav" time="0.0" classname="com.nbcd.Test.TCShowInnerEpisode_availablenav">
    <skipped/>
  </testcase> <!-- availablenav -->
  <testcase name="urlredirect" time="0.0" classname="com.nbcd.Test.TCShowInnerEpisode_urlredirect">
    <skipped/>
  </testcase> <!-- urlredirect -->
  <testcase name="Livepagetve" time="0.0" classname="com.nbcd.Test.TCTVE_Livepagetve">
    <skipped/>
  </testcase> <!-- Livepagetve -->
  <testcase name="Authvod" time="0.0" classname="com.nbcd.Test.TCTVE_AuthVod">
    <skipped/>
  </testcase> <!-- Authvod -->
  <testcase name="Global_BannerAd" time="0.0" classname="com.nbcd.Test.TCGlobalHomePage_BannerAd">
    <skipped/>
  </testcase> <!-- Global_BannerAd -->
  <testcase name="sorryvideo" time="0.0" classname="com.nbcd.Test.TCShowInnerEpisode_sorryvideo">
    <skipped/>
  </testcase> <!-- sorryvideo -->
  <testcase name="Global_BodyAd" time="0.0" classname="com.nbcd.Test.TCGlobalHomePage_BodyAd">
    <skipped/>
  </testcase> <!-- Global_BodyAd -->
  <testcase name="Global_Footerlinks_Nav" time="0.0" classname="com.nbcd.Test.TCGlobalHomePage_Global_Footerlinks_Nav">
    <skipped/>
  </testcase> <!-- Global_Footerlinks_Nav -->
  <testcase name="BreakingNewsbar" time="0.0" classname="com.nbcd.Test.TCBreakingNewsBar">
    <failure type="org.testng.TestNGException" message="
Parameter &amp;apos;Browser&amp;apos; is required by @Test on method BreakingNewsbar but has not been marked @Optional or defined
in C:\POC\NBCAutomation\config\parallel.testng.xml">
      <![CDATA[org.testng.TestNGException: 
Parameter 'Browser' is required by @Test on method BreakingNewsbar but has not been marked @Optional or defined
in C:\POC\NBCAutomation\config\parallel.testng.xml
	at java.util.concurrent.ThreadPoolExecutor.runWorker(ThreadPoolExecutor.java:1142)
	at java.util.concurrent.ThreadPoolExecutor$Worker.run(ThreadPoolExecutor.java:617)
	at java.lang.Thread.run(Thread.java:745)
... Removed 8 stack frames]]>
    </failure>
  </testcase> <!-- BreakingNewsbar -->
  <testcase name="titledescan" time="0.0" classname="com.nbcd.Test.TCGlobalHomePage_titledescan">
    <skipped/>
  </testcase> <!-- titledescan -->
  <testcase name="@AfterTest endReport" time="0.0" classname="com.nbcd.GenericLib.Extent_Reports">
    <ignored/>
  </testcase> <!-- @AfterTest endReport -->
  <testcase name="@AfterTest endReport" time="0.0" classname="com.nbcd.GenericLib.Extent_Reports">
    <ignored/>
  </testcase> <!-- @AfterTest endReport -->
  <testcase name="@AfterTest endReport" time="0.0" classname="com.nbcd.GenericLib.Extent_Reports">
    <ignored/>
  </testcase> <!-- @AfterTest endReport -->
  <testcase name="@AfterTest endReport" time="0.0" classname="com.nbcd.GenericLib.Extent_Reports">
    <ignored/>
  </testcase> <!-- @AfterTest endReport -->
  <testcase name="@AfterTest endReport" time="0.0" classname="com.nbcd.GenericLib.Extent_Reports">
    <ignored/>
  </testcase> <!-- @AfterTest endReport -->
  <testcase name="@AfterTest endReport" time="0.0" classname="com.nbcd.GenericLib.Extent_Reports">
    <ignored/>
  </testcase> <!-- @AfterTest endReport -->
  <testcase name="@AfterTest endReport" time="0.0" classname="com.nbcd.GenericLib.Extent_Reports">
    <ignored/>
  </testcase> <!-- @AfterTest endReport -->
  <testcase name="@AfterTest endReport" time="0.0" classname="com.nbcd.GenericLib.Extent_Reports">
    <ignored/>
  </testcase> <!-- @AfterTest endReport -->
  <testcase name="@AfterTest endReport" time="0.0" classname="com.nbcd.GenericLib.Extent_Reports">
    <ignored/>
  </testcase> <!-- @AfterTest endReport -->
  <testcase name="@AfterTest endReport" time="0.0" classname="com.nbcd.GenericLib.Extent_Reports">
    <ignored/>
  </testcase> <!-- @AfterTest endReport -->
  <testcase name="@AfterTest endReport" time="0.0" classname="com.nbcd.GenericLib.Extent_Reports">
    <ignored/>
  </testcase> <!-- @AfterTest endReport -->
  <testcase name="@AfterTest endReport" time="0.0" classname="com.nbcd.GenericLib.Extent_Reports">
    <ignored/>
  </testcase> <!-- @AfterTest endReport -->
  <testcase name="@AfterTest endReport" time="0.0" classname="com.nbcd.GenericLib.Extent_Reports">
    <ignored/>
  </testcase> <!-- @AfterTest endReport -->
  <testcase name="@AfterTest endReport" time="0.0" classname="com.nbcd.GenericLib.Extent_Reports">
    <ignored/>
  </testcase> <!-- @AfterTest endReport -->
  <testcase name="@AfterTest endReport" time="0.0" classname="com.nbcd.GenericLib.Extent_Reports">
    <ignored/>
  </testcase> <!-- @AfterTest endReport -->
  <testcase name="@AfterTest endReport" time="0.0" classname="com.nbcd.GenericLib.Extent_Reports">
    <ignored/>
  </testcase> <!-- @AfterTest endReport -->
  <testcase name="@AfterTest endReport" time="0.0" classname="com.nbcd.GenericLib.Extent_Reports">
    <ignored/>
  </testcase> <!-- @AfterTest endReport -->
  <testcase name="@AfterTest endReport" time="0.0" classname="com.nbcd.GenericLib.Extent_Reports">
    <ignored/>
  </testcase> <!-- @AfterTest endReport -->
  <testcase name="@AfterTest endReport" time="0.0" classname="com.nbcd.GenericLib.Extent_Reports">
    <ignored/>
  </testcase> <!-- @AfterTest endReport -->
  <testcase name="@AfterTest endReport" time="0.0" classname="com.nbcd.GenericLib.Extent_Reports">
    <ignored/>
  </testcase> <!-- @AfterTest endReport -->
  <testcase name="@AfterTest endReport" time="0.0" classname="com.nbcd.GenericLib.Extent_Reports">
    <ignored/>
  </testcase> <!-- @AfterTest endReport -->
  <testcase name="@AfterTest endReport" time="0.0" classname="com.nbcd.GenericLib.Extent_Reports">
    <ignored/>
  </testcase> <!-- @AfterTest endReport -->
  <testcase name="@AfterTest endReport" time="0.0" classname="com.nbcd.GenericLib.Extent_Reports">
    <ignored/>
  </testcase> <!-- @AfterTest endReport -->
  <testcase name="@AfterTest endReport" time="0.0" classname="com.nbcd.GenericLib.Extent_Reports">
    <ignored/>
  </testcase> <!-- @AfterTest endReport -->
  <testcase name="@AfterTest endReport" time="0.0" classname="com.nbcd.GenericLib.Extent_Reports">
    <ignored/>
  </testcase> <!-- @AfterTest endReport -->
  <testcase name="@AfterTest endReport" time="0.0" classname="com.nbcd.GenericLib.Extent_Reports">
    <ignored/>
  </testcase> <!-- @AfterTest endReport -->
  <testcase name="@AfterTest endReport" time="0.0" classname="com.nbcd.GenericLib.Extent_Reports">
    <ignored/>
  </testcase> <!-- @AfterTest endReport -->
  <testcase name="@AfterTest endReport" time="0.0" classname="com.nbcd.GenericLib.Extent_Reports">
    <ignored/>
  </testcase> <!-- @AfterTest endReport -->
  <testcase name="@AfterTest endReport" time="0.0" classname="com.nbcd.GenericLib.Extent_Reports">
    <ignored/>
  </testcase> <!-- @AfterTest endReport -->
  <testcase name="@AfterTest endReport" time="0.0" classname="com.nbcd.GenericLib.Extent_Reports">
    <ignored/>
  </testcase> <!-- @AfterTest endReport -->
  <testcase name="@AfterTest endReport" time="0.0" classname="com.nbcd.GenericLib.Extent_Reports">
    <ignored/>
  </testcase> <!-- @AfterTest endReport -->
  <testcase name="@AfterTest endReport" time="0.0" classname="com.nbcd.GenericLib.Extent_Reports">
    <ignored/>
  </testcase> <!-- @AfterTest endReport -->
  <testcase name="@AfterTest endReport" time="0.0" classname="com.nbcd.GenericLib.Extent_Reports">
    <ignored/>
  </testcase> <!-- @AfterTest endReport -->
  <testcase name="@AfterTest endReport" time="0.0" classname="com.nbcd.GenericLib.Extent_Reports">
    <ignored/>
  </testcase> <!-- @AfterTest endReport -->
  <testcase name="@AfterTest endReport" time="0.0" classname="com.nbcd.GenericLib.Extent_Reports">
    <ignored/>
  </testcase> <!-- @AfterTest endReport -->
  <testcase name="@AfterTest endReport" time="0.0" classname="com.nbcd.GenericLib.Extent_Reports">
    <ignored/>
  </testcase> <!-- @AfterTest endReport -->
  <testcase name="@AfterTest endReport" time="0.0" classname="com.nbcd.GenericLib.Extent_Reports">
    <ignored/>
  </testcase> <!-- @AfterTest endReport -->
  <testcase name="@AfterTest endReport" time="0.0" classname="com.nbcd.GenericLib.Extent_Reports">
    <ignored/>
  </testcase> <!-- @AfterTest endReport -->
  <testcase name="@AfterTest endReport" time="0.0" classname="com.nbcd.GenericLib.Extent_Reports">
    <ignored/>
  </testcase> <!-- @AfterTest endReport -->
  <testcase name="@AfterTest endReport" time="0.0" classname="com.nbcd.GenericLib.Extent_Reports">
    <ignored/>
  </testcase> <!-- @AfterTest endReport -->
  <testcase name="@AfterTest endReport" time="0.0" classname="com.nbcd.GenericLib.Extent_Reports">
    <ignored/>
  </testcase> <!-- @AfterTest endReport -->
  <testcase name="@AfterTest endReport" time="0.0" classname="com.nbcd.GenericLib.Extent_Reports">
    <ignored/>
  </testcase> <!-- @AfterTest endReport -->
  <testcase name="@AfterTest endReport" time="0.0" classname="com.nbcd.GenericLib.Extent_Reports">
    <ignored/>
  </testcase> <!-- @AfterTest endReport -->
  <testcase name="@AfterTest endReport" time="0.0" classname="com.nbcd.GenericLib.Extent_Reports">
    <ignored/>
  </testcase> <!-- @AfterTest endReport -->
  <testcase name="@AfterTest endReport" time="0.0" classname="com.nbcd.GenericLib.Extent_Reports">
    <ignored/>
  </testcase> <!-- @AfterTest endReport -->
  <testcase name="@AfterTest endReport" time="0.0" classname="com.nbcd.GenericLib.Extent_Reports">
    <ignored/>
  </testcase> <!-- @AfterTest endReport -->
  <testcase name="@AfterTest endReport" time="0.0" classname="com.nbcd.GenericLib.Extent_Reports">
    <ignored/>
  </testcase> <!-- @AfterTest endReport -->
  <testcase name="@AfterTest endReport" time="0.0" classname="com.nbcd.GenericLib.Extent_Reports">
    <ignored/>
  </testcase> <!-- @AfterTest endReport -->
  <testcase name="@AfterTest endReport" time="0.0" classname="com.nbcd.GenericLib.Extent_Reports">
    <ignored/>
  </testcase> <!-- @AfterTest endReport -->
  <testcase name="@AfterTest endReport" time="0.0" classname="com.nbcd.GenericLib.Extent_Reports">
    <ignored/>
  </testcase> <!-- @AfterTest endReport -->
  <testcase name="@AfterTest endReport" time="0.0" classname="com.nbcd.GenericLib.Extent_Reports">
    <ignored/>
  </testcase> <!-- @AfterTest endReport -->
  <testcase name="@AfterTest endReport" time="0.0" classname="com.nbcd.GenericLib.Extent_Reports">
    <ignored/>
  </testcase> <!-- @AfterTest endReport -->
  <testcase name="@AfterTest endReport" time="0.0" classname="com.nbcd.GenericLib.Extent_Reports">
    <ignored/>
  </testcase> <!-- @AfterTest endReport -->
  <testcase name="@AfterTest endReport" time="0.0" classname="com.nbcd.GenericLib.Extent_Reports">
    <ignored/>
  </testcase> <!-- @AfterTest endReport -->
  <testcase name="@AfterTest endReport" time="0.0" classname="com.nbcd.GenericLib.Extent_Reports">
    <ignored/>
  </testcase> <!-- @AfterTest endReport -->
  <testcase name="@AfterTest endReport" time="0.0" classname="com.nbcd.GenericLib.Extent_Reports">
    <ignored/>
  </testcase> <!-- @AfterTest endReport -->
  <testcase name="@AfterTest endReport" time="0.0" classname="com.nbcd.GenericLib.Extent_Reports">
    <ignored/>
  </testcase> <!-- @AfterTest endReport -->
  <testcase name="@AfterTest endReport" time="0.0" classname="com.nbcd.GenericLib.Extent_Reports">
    <ignored/>
  </testcase> <!-- @AfterTest endReport -->
  <testcase name="@AfterTest endReport" time="0.0" classname="com.nbcd.GenericLib.Extent_Reports">
    <ignored/>
  </testcase> <!-- @AfterTest endReport -->
  <testcase name="@AfterTest endReport" time="0.0" classname="com.nbcd.GenericLib.Extent_Reports">
    <ignored/>
  </testcase> <!-- @AfterTest endReport -->
  <testcase name="@AfterTest endReport" time="0.0" classname="com.nbcd.GenericLib.Extent_Reports">
    <ignored/>
  </testcase> <!-- @AfterTest endReport -->
  <testcase name="@AfterTest endReport" time="0.0" classname="com.nbcd.GenericLib.Extent_Reports">
    <ignored/>
  </testcase> <!-- @AfterTest endReport -->
  <testcase name="@AfterTest endReport" time="0.0" classname="com.nbcd.GenericLib.Extent_Reports">
    <ignored/>
  </testcase> <!-- @AfterTest endReport -->
  <testcase name="@AfterTest endReport" time="0.0" classname="com.nbcd.GenericLib.Extent_Reports">
    <ignored/>
  </testcase> <!-- @AfterTest endReport -->
  <testcase name="@AfterTest endReport" time="0.0" classname="com.nbcd.GenericLib.Extent_Reports">
    <ignored/>
  </testcase> <!-- @AfterTest endReport -->
  <testcase name="@AfterTest endReport" time="0.0" classname="com.nbcd.GenericLib.Extent_Reports">
    <ignored/>
  </testcase> <!-- @AfterTest endReport -->
  <testcase name="@AfterTest endReport" time="0.0" classname="com.nbcd.GenericLib.Extent_Reports">
    <ignored/>
  </testcase> <!-- @AfterTest endReport -->
  <testcase name="@AfterTest endReport" time="0.0" classname="com.nbcd.GenericLib.Extent_Reports">
    <ignored/>
  </testcase> <!-- @AfterTest endReport -->
  <testcase name="@AfterTest endReport" time="0.0" classname="com.nbcd.GenericLib.Extent_Reports">
    <ignored/>
  </testcase> <!-- @AfterTest endReport -->
  <testcase name="@AfterTest endReport" time="0.0" classname="com.nbcd.GenericLib.Extent_Reports">
    <ignored/>
  </testcase> <!-- @AfterTest endReport -->
  <testcase name="@AfterTest endReport" time="0.0" classname="com.nbcd.GenericLib.Extent_Reports">
    <ignored/>
  </testcase> <!-- @AfterTest endReport -->
  <testcase name="@AfterTest endReport" time="0.0" classname="com.nbcd.GenericLib.Extent_Reports">
    <ignored/>
  </testcase> <!-- @AfterTest endReport -->
  <testcase name="@AfterTest endReport" time="0.0" classname="com.nbcd.GenericLib.Extent_Reports">
    <ignored/>
  </testcase> <!-- @AfterTest endReport -->
  <testcase name="@AfterTest endReport" time="0.0" classname="com.nbcd.GenericLib.Extent_Reports">
    <ignored/>
  </testcase> <!-- @AfterTest endReport -->
  <testcase name="@AfterTest endReport" time="0.0" classname="com.nbcd.GenericLib.Extent_Reports">
    <ignored/>
  </testcase> <!-- @AfterTest endReport -->
  <testcase name="@AfterTest endReport" time="0.0" classname="com.nbcd.GenericLib.Extent_Reports">
    <ignored/>
  </testcase> <!-- @AfterTest endReport -->
  <testcase name="@AfterTest endReport" time="0.0" classname="com.nbcd.GenericLib.Extent_Reports">
    <ignored/>
  </testcase> <!-- @AfterTest endReport -->
  <testcase name="@AfterTest endReport" time="0.0" classname="com.nbcd.GenericLib.Extent_Reports">
    <ignored/>
  </testcase> <!-- @AfterTest endReport -->
  <testcase name="@AfterTest endReport" time="0.0" classname="com.nbcd.GenericLib.Extent_Reports">
    <ignored/>
  </testcase> <!-- @AfterTest endReport -->
  <testcase name="@AfterTest endReport" time="0.0" classname="com.nbcd.GenericLib.Extent_Reports">
    <ignored/>
  </testcase> <!-- @AfterTest endReport -->
  <testcase name="@AfterTest endReport" time="0.0" classname="com.nbcd.GenericLib.Extent_Reports">
    <ignored/>
  </testcase> <!-- @AfterTest endReport -->
  <testcase name="@AfterTest endReport" time="0.0" classname="com.nbcd.GenericLib.Extent_Reports">
    <ignored/>
  </testcase> <!-- @AfterTest endReport -->
  <testcase name="@AfterTest endReport" time="0.0" classname="com.nbcd.GenericLib.Extent_Reports">
    <ignored/>
  </testcase> <!-- @AfterTest endReport -->
  <testcase name="@AfterTest endReport" time="0.0" classname="com.nbcd.GenericLib.Extent_Reports">
    <ignored/>
  </testcase> <!-- @AfterTest endReport -->
  <testcase name="@AfterTest endReport" time="0.0" classname="com.nbcd.GenericLib.Extent_Reports">
    <ignored/>
  </testcase> <!-- @AfterTest endReport -->
  <testcase name="@AfterTest endReport" time="0.0" classname="com.nbcd.GenericLib.Extent_Reports">
    <ignored/>
  </testcase> <!-- @AfterTest endReport -->
  <testcase name="@AfterTest endReport" time="0.0" classname="com.nbcd.GenericLib.Extent_Reports">
    <ignored/>
  </testcase> <!-- @AfterTest endReport -->
  <testcase name="@AfterTest endReport" time="0.0" classname="com.nbcd.GenericLib.Extent_Reports">
    <ignored/>
  </testcase> <!-- @AfterTest endReport -->
  <testcase name="@AfterTest endReport" time="0.0" classname="com.nbcd.GenericLib.Extent_Reports">
    <ignored/>
  </testcase> <!-- @AfterTest endReport -->
  <testcase name="@AfterTest endReport" time="0.0" classname="com.nbcd.GenericLib.Extent_Reports">
    <ignored/>
  </testcase> <!-- @AfterTest endReport -->
  <testcase name="@AfterTest endReport" time="0.0" classname="com.nbcd.GenericLib.Extent_Reports">
    <ignored/>
  </testcase> <!-- @AfterTest endReport -->
  <testcase name="@AfterTest endReport" time="0.0" classname="com.nbcd.GenericLib.Extent_Reports">
    <ignored/>
  </testcase> <!-- @AfterTest endReport -->
  <testcase name="@AfterTest endReport" time="0.0" classname="com.nbcd.GenericLib.Extent_Reports">
    <ignored/>
  </testcase> <!-- @AfterTest endReport -->
  <testcase name="@AfterTest endReport" time="0.0" classname="com.nbcd.GenericLib.Extent_Reports">
    <ignored/>
  </testcase> <!-- @AfterTest endReport -->
  <testcase name="@AfterTest endReport" time="0.0" classname="com.nbcd.GenericLib.Extent_Reports">
    <ignored/>
  </testcase> <!-- @AfterTest endReport -->
  <testcase name="@AfterTest endReport" time="0.0" classname="com.nbcd.GenericLib.Extent_Reports">
    <ignored/>
  </testcase> <!-- @AfterTest endReport -->
  <testcase name="@AfterTest endReport" time="0.0" classname="com.nbcd.GenericLib.Extent_Reports">
    <ignored/>
  </testcase> <!-- @AfterTest endReport -->
  <testcase name="@AfterTest endReport" time="0.0" classname="com.nbcd.GenericLib.Extent_Reports">
    <ignored/>
  </testcase> <!-- @AfterTest endReport -->
  <testcase name="@AfterTest endReport" time="0.0" classname="com.nbcd.GenericLib.Extent_Reports">
    <ignored/>
  </testcase> <!-- @AfterTest endReport -->
  <testcase name="@AfterTest endReport" time="0.0" classname="com.nbcd.GenericLib.Extent_Reports">
    <ignored/>
  </testcase> <!-- @AfterTest endReport -->
  <testcase name="@AfterTest endReport" time="0.0" classname="com.nbcd.GenericLib.Extent_Reports">
    <ignored/>
  </testcase> <!-- @AfterTest endReport -->
  <testcase name="@AfterTest endReport" time="0.0" classname="com.nbcd.GenericLib.Extent_Reports">
    <ignored/>
  </testcase> <!-- @AfterTest endReport -->
  <testcase name="@AfterTest endReport" time="0.0" classname="com.nbcd.GenericLib.Extent_Reports">
    <ignored/>
  </testcase> <!-- @AfterTest endReport -->
</testsuite> <!-- IE -->
