<?xml version="1.0" encoding="UTF-8"?>
<testng-results skipped="0" failed="1" ignored="0" total="3" passed="2">
  <reporter-output>
  </reporter-output>
  <suite name="Suite" duration-ms="915094" started-at="2018-04-11T10:17:48Z" finished-at="2018-04-11T10:33:03Z">
    <groups>
    </groups>
    <test name="NBCAutomationChrome" duration-ms="275" started-at="2018-04-11T10:17:48Z" finished-at="2018-04-11T10:17:48Z">
      <class name="com.nbcd.TestRunner.TestRunner">
        <test-method status="FAIL" signature="tRun(java.lang.String)[pri:0, instance:com.nbcd.TestRunner.TestRunner@4cf4d528]" name="tRun" duration-ms="235" started-at="2018-04-11T10:17:48Z" finished-at="2018-04-11T10:17:48Z">
          <params>
            <param index="0">
              <value>
                <![CDATA[Chrome]]>
              </value>
            </param>
          </params>
          <exception class="java.lang.NullPointerException">
            <full-stacktrace>
              <![CDATA[java.lang.NullPointerException
at com.nbcd.TestRunner.TestRunner.tRun(TestRunner.java:98)
at sun.reflect.NativeMethodAccessorImpl.invoke0(Native Method)
at sun.reflect.NativeMethodAccessorImpl.invoke(NativeMethodAccessorImpl.java:62)
at sun.reflect.DelegatingMethodAccessorImpl.invoke(DelegatingMethodAccessorImpl.java:43)
at java.lang.reflect.Method.invoke(Method.java:498)
at org.testng.internal.MethodInvocationHelper.invokeMethod(MethodInvocationHelper.java:124)
at org.testng.internal.Invoker.invokeMethod(Invoker.java:580)
at org.testng.internal.Invoker.invokeTestMethod(Invoker.java:716)
at org.testng.internal.Invoker.invokeTestMethods(Invoker.java:988)
at org.testng.internal.TestMethodWorker.invokeTestMethods(TestMethodWorker.java:125)
at org.testng.internal.TestMethodWorker.run(TestMethodWorker.java:109)
at org.testng.TestRunner.privateRun(TestRunner.java:648)
at org.testng.TestRunner.run(TestRunner.java:505)
at org.testng.SuiteRunner.runTest(SuiteRunner.java:455)
at org.testng.SuiteRunner.runSequentially(SuiteRunner.java:450)
at org.testng.SuiteRunner.privateRun(SuiteRunner.java:415)
at org.testng.SuiteRunner.run(SuiteRunner.java:364)
at org.testng.SuiteRunnerWorker.runSuite(SuiteRunnerWorker.java:52)
at org.testng.SuiteRunnerWorker.run(SuiteRunnerWorker.java:84)
at org.testng.TestNG.runSuitesSequentially(TestNG.java:1208)
at org.testng.TestNG.runSuitesLocally(TestNG.java:1137)
at org.testng.TestNG.runSuites(TestNG.java:1049)
at org.testng.TestNG.run(TestNG.java:1017)
at org.testng.remote.AbstractRemoteTestNG.run(AbstractRemoteTestNG.java:114)
at org.testng.remote.RemoteTestNG.initAndRun(RemoteTestNG.java:251)
at org.testng.remote.RemoteTestNG.main(RemoteTestNG.java:77)
]]>
            </full-stacktrace>
          </exception> <!-- java.lang.NullPointerException -->
          <reporter-output>
          </reporter-output>
        </test-method> <!-- tRun -->
      </class> <!-- com.nbcd.TestRunner.TestRunner -->
    </test> <!-- NBCAutomationChrome -->
    <test name="NBCAutomationMobile" duration-ms="914505" started-at="2018-04-11T10:17:48Z" finished-at="2018-04-11T10:33:02Z">
      <class name="com.nbcd.TestRunner.TestRunner">
        <test-method status="PASS" signature="tRun(java.lang.String)[pri:0, instance:com.nbcd.TestRunner.TestRunner@1da51a35]" name="tRun" duration-ms="914501" started-at="2018-04-11T10:17:48Z" finished-at="2018-04-11T10:33:02Z">
          <params>
            <param index="0">
              <value>
                <![CDATA[MOBILE]]>
              </value>
            </param>
          </params>
          <reporter-output>
          </reporter-output>
        </test-method> <!-- tRun -->
      </class> <!-- com.nbcd.TestRunner.TestRunner -->
    </test> <!-- NBCAutomationMobile -->
    <test name="NBCAutomationIPAD" duration-ms="259" started-at="2018-04-11T10:33:02Z" finished-at="2018-04-11T10:33:03Z">
      <class name="com.nbcd.TestRunner.TestRunner">
        <test-method status="PASS" signature="tRun(java.lang.String)[pri:0, instance:com.nbcd.TestRunner.TestRunner@15b3e5b]" name="tRun" duration-ms="256" started-at="2018-04-11T10:33:02Z" finished-at="2018-04-11T10:33:03Z">
          <params>
            <param index="0">
              <value>
                <![CDATA[IPAD]]>
              </value>
            </param>
          </params>
          <reporter-output>
          </reporter-output>
        </test-method> <!-- tRun -->
      </class> <!-- com.nbcd.TestRunner.TestRunner -->
    </test> <!-- NBCAutomationIPAD -->
  </suite> <!-- Suite -->
</testng-results>
